ERROR [Thread-6] 2017-06-08 22:10:32,512 repast.simphony.engine.watcher.Notifier2 - Error while initializing watcher triggerScheduler
javassist.CannotCompileException: [source error] ; is missing
	at javassist.CtNewMethod.make(CtNewMethod.java:79)
	at javassist.CtNewMethod.make(CtNewMethod.java:45)
	at repast.simphony.engine.watcher.query.BooleanExpressionCreator.doCreate(BooleanExpressionCreator.java:74)
	at repast.simphony.engine.watcher.query.BooleanExpressionCreator.create(BooleanExpressionCreator.java:43)
	at repast.simphony.engine.watcher.Notifier2$SetupTrigger.scheduleExecution(Notifier2.java:50)
	at repast.simphony.engine.watcher.Notifier2.triggered(Notifier2.java:150)
	at repast.simphony.engine.watcher.WatcherTrigger.notify(WatcherTrigger.java:116)
	at repast.simphony.engine.watcher.WatcherTrigger.triggered(WatcherTrigger.java:134)
	at neighbours.Schedule.computeSchedule(Schedule.java:38)
	at neighbours.Schedule.compute(Schedule.java:31)
	at neighbours.Agent$$FastClassByCGLIB$$21b9ceed.invoke(<generated>)
	at net.sf.cglib.reflect.FastMethod.invoke(FastMethod.java:53)
	at repast.simphony.engine.schedule.DynamicTargetAction.execute(DynamicTargetAction.java:69)
	at repast.simphony.engine.controller.ScheduledMethodControllerAction$ScheduleMethodAllAction.execute(ScheduledMethodControllerAction.java:333)
	at repast.simphony.engine.schedule.DefaultAction.execute(DefaultAction.java:38)
	at repast.simphony.engine.schedule.ScheduleGroup.executeList(ScheduleGroup.java:205)
	at repast.simphony.engine.schedule.ScheduleGroup.execute(ScheduleGroup.java:231)
	at repast.simphony.engine.schedule.Schedule.execute(Schedule.java:352)
	at repast.simphony.ui.GUIScheduleRunner$ScheduleLoopRunnable.run(GUIScheduleRunner.java:52)
	at java.lang.Thread.run(Thread.java:745)
Caused by: compile error: ; is missing
	at javassist.compiler.Parser.parseReturn(Parser.java:510)
	at javassist.compiler.Parser.parseStatement(Parser.java:269)
	at javassist.compiler.Parser.parseBlock(Parser.java:289)
	at javassist.compiler.Parser.parseMethod2(Parser.java:152)
	at javassist.compiler.Javac.compileMethod(Javac.java:149)
	at javassist.compiler.Javac.compile(Javac.java:95)
	at javassist.CtNewMethod.make(CtNewMethod.java:74)
	... 19 more
ERROR [Thread-6] 2017-06-08 22:10:32,513 repast.simphony.engine.watcher.Notifier2 - Error while initializing watcher triggerScheduler
javassist.CannotCompileException: [source error] ; is missing
	at javassist.CtNewMethod.make(CtNewMethod.java:79)
	at javassist.CtNewMethod.make(CtNewMethod.java:45)
	at repast.simphony.engine.watcher.query.BooleanExpressionCreator.doCreate(BooleanExpressionCreator.java:74)
	at repast.simphony.engine.watcher.query.BooleanExpressionCreator.create(BooleanExpressionCreator.java:43)
	at repast.simphony.engine.watcher.Notifier2$SetupTrigger.scheduleExecution(Notifier2.java:50)
	at repast.simphony.engine.watcher.Notifier2.triggered(Notifier2.java:150)
	at repast.simphony.engine.watcher.WatcherTrigger.notify(WatcherTrigger.java:116)
	at repast.simphony.engine.watcher.WatcherTrigger.triggered(WatcherTrigger.java:134)
	at neighbours.Schedule.computeSchedule(Schedule.java:39)
	at neighbours.Schedule.compute(Schedule.java:31)
	at neighbours.Agent$$FastClassByCGLIB$$21b9ceed.invoke(<generated>)
	at net.sf.cglib.reflect.FastMethod.invoke(FastMethod.java:53)
	at repast.simphony.engine.schedule.DynamicTargetAction.execute(DynamicTargetAction.java:69)
	at repast.simphony.engine.controller.ScheduledMethodControllerAction$ScheduleMethodAllAction.execute(ScheduledMethodControllerAction.java:333)
	at repast.simphony.engine.schedule.DefaultAction.execute(DefaultAction.java:38)
	at repast.simphony.engine.schedule.ScheduleGroup.executeList(ScheduleGroup.java:205)
	at repast.simphony.engine.schedule.ScheduleGroup.execute(ScheduleGroup.java:231)
	at repast.simphony.engine.schedule.Schedule.execute(Schedule.java:352)
	at repast.simphony.ui.GUIScheduleRunner$ScheduleLoopRunnable.run(GUIScheduleRunner.java:52)
	at java.lang.Thread.run(Thread.java:745)
Caused by: compile error: ; is missing
	at javassist.compiler.Parser.parseReturn(Parser.java:510)
	at javassist.compiler.Parser.parseStatement(Parser.java:269)
	at javassist.compiler.Parser.parseBlock(Parser.java:289)
	at javassist.compiler.Parser.parseMethod2(Parser.java:152)
	at javassist.compiler.Javac.compileMethod(Javac.java:149)
	at javassist.compiler.Javac.compile(Javac.java:95)
	at javassist.CtNewMethod.make(CtNewMethod.java:74)
	... 19 more
ERROR [Thread-6] 2017-06-08 22:10:32,515 repast.simphony.engine.watcher.Notifier2 - Error while initializing watcher triggerScheduler
javassist.CannotCompileException: [source error] ; is missing
	at javassist.CtNewMethod.make(CtNewMethod.java:79)
	at javassist.CtNewMethod.make(CtNewMethod.java:45)
	at repast.simphony.engine.watcher.query.BooleanExpressionCreator.doCreate(BooleanExpressionCreator.java:74)
	at repast.simphony.engine.watcher.query.BooleanExpressionCreator.create(BooleanExpressionCreator.java:43)
	at repast.simphony.engine.watcher.Notifier2$SetupTrigger.scheduleExecution(Notifier2.java:50)
	at repast.simphony.engine.watcher.Notifier2.triggered(Notifier2.java:150)
	at repast.simphony.engine.watcher.WatcherTrigger.notify(WatcherTrigger.java:116)
	at repast.simphony.engine.watcher.WatcherTrigger.triggered(WatcherTrigger.java:134)
	at neighbours.Schedule.computeSchedule(Schedule.java:37)
	at neighbours.Schedule.compute(Schedule.java:31)
	at neighbours.Agent$$FastClassByCGLIB$$21b9ceed.invoke(<generated>)
	at net.sf.cglib.reflect.FastMethod.invoke(FastMethod.java:53)
	at repast.simphony.engine.schedule.DynamicTargetAction.execute(DynamicTargetAction.java:69)
	at repast.simphony.engine.controller.ScheduledMethodControllerAction$ScheduleMethodAllAction.execute(ScheduledMethodControllerAction.java:333)
	at repast.simphony.engine.schedule.DefaultAction.execute(DefaultAction.java:38)
	at repast.simphony.engine.schedule.ScheduleGroup.executeList(ScheduleGroup.java:205)
	at repast.simphony.engine.schedule.ScheduleGroup.execute(ScheduleGroup.java:231)
	at repast.simphony.engine.schedule.Schedule.execute(Schedule.java:352)
	at repast.simphony.ui.GUIScheduleRunner$ScheduleLoopRunnable.run(GUIScheduleRunner.java:52)
	at java.lang.Thread.run(Thread.java:745)
Caused by: compile error: ; is missing
	at javassist.compiler.Parser.parseReturn(Parser.java:510)
	at javassist.compiler.Parser.parseStatement(Parser.java:269)
	at javassist.compiler.Parser.parseBlock(Parser.java:289)
	at javassist.compiler.Parser.parseMethod2(Parser.java:152)
	at javassist.compiler.Javac.compileMethod(Javac.java:149)
	at javassist.compiler.Javac.compile(Javac.java:95)
	at javassist.CtNewMethod.make(CtNewMethod.java:74)
	... 19 more
ERROR [Thread-6] 2017-06-08 22:10:32,519 repast.simphony.engine.watcher.Notifier2 - Error while initializing watcher triggerScheduler
javassist.CannotCompileException: [source error] ; is missing
	at javassist.CtNewMethod.make(CtNewMethod.java:79)
	at javassist.CtNewMethod.make(CtNewMethod.java:45)
	at repast.simphony.engine.watcher.query.BooleanExpressionCreator.doCreate(BooleanExpressionCreator.java:74)
	at repast.simphony.engine.watcher.query.BooleanExpressionCreator.create(BooleanExpressionCreator.java:43)
	at repast.simphony.engine.watcher.Notifier2$SetupTrigger.scheduleExecution(Notifier2.java:50)
	at repast.simphony.engine.watcher.Notifier2.triggered(Notifier2.java:150)
	at repast.simphony.engine.watcher.WatcherTrigger.notify(WatcherTrigger.java:116)
	at repast.simphony.engine.watcher.WatcherTrigger.triggered(WatcherTrigger.java:134)
	at neighbours.Schedule.computeSchedule(Schedule.java:38)
	at neighbours.Schedule.compute(Schedule.java:31)
	at neighbours.Agent$$FastClassByCGLIB$$21b9ceed.invoke(<generated>)
	at net.sf.cglib.reflect.FastMethod.invoke(FastMethod.java:53)
	at repast.simphony.engine.schedule.DynamicTargetAction.execute(DynamicTargetAction.java:69)
	at repast.simphony.engine.controller.ScheduledMethodControllerAction$ScheduleMethodAllAction.execute(ScheduledMethodControllerAction.java:333)
	at repast.simphony.engine.schedule.DefaultAction.execute(DefaultAction.java:38)
	at repast.simphony.engine.schedule.ScheduleGroup.executeList(ScheduleGroup.java:205)
	at repast.simphony.engine.schedule.ScheduleGroup.execute(ScheduleGroup.java:231)
	at repast.simphony.engine.schedule.Schedule.execute(Schedule.java:352)
	at repast.simphony.ui.GUIScheduleRunner$ScheduleLoopRunnable.run(GUIScheduleRunner.java:52)
	at java.lang.Thread.run(Thread.java:745)
Caused by: compile error: ; is missing
	at javassist.compiler.Parser.parseReturn(Parser.java:510)
	at javassist.compiler.Parser.parseStatement(Parser.java:269)
	at javassist.compiler.Parser.parseBlock(Parser.java:289)
	at javassist.compiler.Parser.parseMethod2(Parser.java:152)
	at javassist.compiler.Javac.compileMethod(Javac.java:149)
	at javassist.compiler.Javac.compile(Javac.java:95)
	at javassist.CtNewMethod.make(CtNewMethod.java:74)
	... 19 more
ERROR [Thread-6] 2017-06-08 22:10:32,520 repast.simphony.engine.watcher.Notifier2 - Error while initializing watcher triggerScheduler
javassist.CannotCompileException: [source error] ; is missing
	at javassist.CtNewMethod.make(CtNewMethod.java:79)
	at javassist.CtNewMethod.make(CtNewMethod.java:45)
	at repast.simphony.engine.watcher.query.BooleanExpressionCreator.doCreate(BooleanExpressionCreator.java:74)
	at repast.simphony.engine.watcher.query.BooleanExpressionCreator.create(BooleanExpressionCreator.java:43)
	at repast.simphony.engine.watcher.Notifier2$SetupTrigger.scheduleExecution(Notifier2.java:50)
	at repast.simphony.engine.watcher.Notifier2.triggered(Notifier2.java:150)
	at repast.simphony.engine.watcher.WatcherTrigger.notify(WatcherTrigger.java:116)
	at repast.simphony.engine.watcher.WatcherTrigger.triggered(WatcherTrigger.java:134)
	at neighbours.Schedule.computeSchedule(Schedule.java:39)
	at neighbours.Schedule.compute(Schedule.java:31)
	at neighbours.Agent$$FastClassByCGLIB$$21b9ceed.invoke(<generated>)
	at net.sf.cglib.reflect.FastMethod.invoke(FastMethod.java:53)
	at repast.simphony.engine.schedule.DynamicTargetAction.execute(DynamicTargetAction.java:69)
	at repast.simphony.engine.controller.ScheduledMethodControllerAction$ScheduleMethodAllAction.execute(ScheduledMethodControllerAction.java:333)
	at repast.simphony.engine.schedule.DefaultAction.execute(DefaultAction.java:38)
	at repast.simphony.engine.schedule.ScheduleGroup.executeList(ScheduleGroup.java:205)
	at repast.simphony.engine.schedule.ScheduleGroup.execute(ScheduleGroup.java:231)
	at repast.simphony.engine.schedule.Schedule.execute(Schedule.java:352)
	at repast.simphony.ui.GUIScheduleRunner$ScheduleLoopRunnable.run(GUIScheduleRunner.java:52)
	at java.lang.Thread.run(Thread.java:745)
Caused by: compile error: ; is missing
	at javassist.compiler.Parser.parseReturn(Parser.java:510)
	at javassist.compiler.Parser.parseStatement(Parser.java:269)
	at javassist.compiler.Parser.parseBlock(Parser.java:289)
	at javassist.compiler.Parser.parseMethod2(Parser.java:152)
	at javassist.compiler.Javac.compileMethod(Javac.java:149)
	at javassist.compiler.Javac.compile(Javac.java:95)
	at javassist.CtNewMethod.make(CtNewMethod.java:74)
	... 19 more
ERROR [Thread-6] 2017-06-08 22:10:32,522 repast.simphony.engine.watcher.Notifier2 - Error while initializing watcher triggerScheduler
javassist.CannotCompileException: [source error] ; is missing
	at javassist.CtNewMethod.make(CtNewMethod.java:79)
	at javassist.CtNewMethod.make(CtNewMethod.java:45)
	at repast.simphony.engine.watcher.query.BooleanExpressionCreator.doCreate(BooleanExpressionCreator.java:74)
	at repast.simphony.engine.watcher.query.BooleanExpressionCreator.create(BooleanExpressionCreator.java:43)
	at repast.simphony.engine.watcher.Notifier2$SetupTrigger.scheduleExecution(Notifier2.java:50)
	at repast.simphony.engine.watcher.Notifier2.triggered(Notifier2.java:150)
	at repast.simphony.engine.watcher.WatcherTrigger.notify(WatcherTrigger.java:116)
	at repast.simphony.engine.watcher.WatcherTrigger.triggered(WatcherTrigger.java:134)
	at neighbours.Schedule.computeSchedule(Schedule.java:37)
	at neighbours.Schedule.compute(Schedule.java:31)
	at neighbours.Agent$$FastClassByCGLIB$$21b9ceed.invoke(<generated>)
	at net.sf.cglib.reflect.FastMethod.invoke(FastMethod.java:53)
	at repast.simphony.engine.schedule.DynamicTargetAction.execute(DynamicTargetAction.java:69)
	at repast.simphony.engine.controller.ScheduledMethodControllerAction$ScheduleMethodAllAction.execute(ScheduledMethodControllerAction.java:333)
	at repast.simphony.engine.schedule.DefaultAction.execute(DefaultAction.java:38)
	at repast.simphony.engine.schedule.ScheduleGroup.executeList(ScheduleGroup.java:205)
	at repast.simphony.engine.schedule.ScheduleGroup.execute(ScheduleGroup.java:231)
	at repast.simphony.engine.schedule.Schedule.execute(Schedule.java:352)
	at repast.simphony.ui.GUIScheduleRunner$ScheduleLoopRunnable.run(GUIScheduleRunner.java:52)
	at java.lang.Thread.run(Thread.java:745)
Caused by: compile error: ; is missing
	at javassist.compiler.Parser.parseReturn(Parser.java:510)
	at javassist.compiler.Parser.parseStatement(Parser.java:269)
	at javassist.compiler.Parser.parseBlock(Parser.java:289)
	at javassist.compiler.Parser.parseMethod2(Parser.java:152)
	at javassist.compiler.Javac.compileMethod(Javac.java:149)
	at javassist.compiler.Javac.compile(Javac.java:95)
	at javassist.CtNewMethod.make(CtNewMethod.java:74)
	... 19 more
ERROR [Thread-6] 2017-06-08 22:10:32,524 repast.simphony.engine.watcher.Notifier2 - Error while initializing watcher triggerScheduler
javassist.CannotCompileException: [source error] ; is missing
	at javassist.CtNewMethod.make(CtNewMethod.java:79)
	at javassist.CtNewMethod.make(CtNewMethod.java:45)
	at repast.simphony.engine.watcher.query.BooleanExpressionCreator.doCreate(BooleanExpressionCreator.java:74)
	at repast.simphony.engine.watcher.query.BooleanExpressionCreator.create(BooleanExpressionCreator.java:43)
	at repast.simphony.engine.watcher.Notifier2$SetupTrigger.scheduleExecution(Notifier2.java:50)
	at repast.simphony.engine.watcher.Notifier2.triggered(Notifier2.java:150)
	at repast.simphony.engine.watcher.WatcherTrigger.notify(WatcherTrigger.java:116)
	at repast.simphony.engine.watcher.WatcherTrigger.triggered(WatcherTrigger.java:134)
	at neighbours.Schedule.computeSchedule(Schedule.java:38)
	at neighbours.Schedule.compute(Schedule.java:31)
	at neighbours.Agent$$FastClassByCGLIB$$21b9ceed.invoke(<generated>)
	at net.sf.cglib.reflect.FastMethod.invoke(FastMethod.java:53)
	at repast.simphony.engine.schedule.DynamicTargetAction.execute(DynamicTargetAction.java:69)
	at repast.simphony.engine.controller.ScheduledMethodControllerAction$ScheduleMethodAllAction.execute(ScheduledMethodControllerAction.java:333)
	at repast.simphony.engine.schedule.DefaultAction.execute(DefaultAction.java:38)
	at repast.simphony.engine.schedule.ScheduleGroup.executeList(ScheduleGroup.java:205)
	at repast.simphony.engine.schedule.ScheduleGroup.execute(ScheduleGroup.java:231)
	at repast.simphony.engine.schedule.Schedule.execute(Schedule.java:352)
	at repast.simphony.ui.GUIScheduleRunner$ScheduleLoopRunnable.run(GUIScheduleRunner.java:52)
	at java.lang.Thread.run(Thread.java:745)
Caused by: compile error: ; is missing
	at javassist.compiler.Parser.parseReturn(Parser.java:510)
	at javassist.compiler.Parser.parseStatement(Parser.java:269)
	at javassist.compiler.Parser.parseBlock(Parser.java:289)
	at javassist.compiler.Parser.parseMethod2(Parser.java:152)
	at javassist.compiler.Javac.compileMethod(Javac.java:149)
	at javassist.compiler.Javac.compile(Javac.java:95)
	at javassist.CtNewMethod.make(CtNewMethod.java:74)
	... 19 more
ERROR [Thread-6] 2017-06-08 22:10:32,525 repast.simphony.engine.watcher.Notifier2 - Error while initializing watcher triggerScheduler
javassist.CannotCompileException: [source error] ; is missing
	at javassist.CtNewMethod.make(CtNewMethod.java:79)
	at javassist.CtNewMethod.make(CtNewMethod.java:45)
	at repast.simphony.engine.watcher.query.BooleanExpressionCreator.doCreate(BooleanExpressionCreator.java:74)
	at repast.simphony.engine.watcher.query.BooleanExpressionCreator.create(BooleanExpressionCreator.java:43)
	at repast.simphony.engine.watcher.Notifier2$SetupTrigger.scheduleExecution(Notifier2.java:50)
	at repast.simphony.engine.watcher.Notifier2.triggered(Notifier2.java:150)
	at repast.simphony.engine.watcher.WatcherTrigger.notify(WatcherTrigger.java:116)
	at repast.simphony.engine.watcher.WatcherTrigger.triggered(WatcherTrigger.java:134)
	at neighbours.Schedule.computeSchedule(Schedule.java:39)
	at neighbours.Schedule.compute(Schedule.java:31)
	at neighbours.Agent$$FastClassByCGLIB$$21b9ceed.invoke(<generated>)
	at net.sf.cglib.reflect.FastMethod.invoke(FastMethod.java:53)
	at repast.simphony.engine.schedule.DynamicTargetAction.execute(DynamicTargetAction.java:69)
	at repast.simphony.engine.controller.ScheduledMethodControllerAction$ScheduleMethodAllAction.execute(ScheduledMethodControllerAction.java:333)
	at repast.simphony.engine.schedule.DefaultAction.execute(DefaultAction.java:38)
	at repast.simphony.engine.schedule.ScheduleGroup.executeList(ScheduleGroup.java:205)
	at repast.simphony.engine.schedule.ScheduleGroup.execute(ScheduleGroup.java:231)
	at repast.simphony.engine.schedule.Schedule.execute(Schedule.java:352)
	at repast.simphony.ui.GUIScheduleRunner$ScheduleLoopRunnable.run(GUIScheduleRunner.java:52)
	at java.lang.Thread.run(Thread.java:745)
Caused by: compile error: ; is missing
	at javassist.compiler.Parser.parseReturn(Parser.java:510)
	at javassist.compiler.Parser.parseStatement(Parser.java:269)
	at javassist.compiler.Parser.parseBlock(Parser.java:289)
	at javassist.compiler.Parser.parseMethod2(Parser.java:152)
	at javassist.compiler.Javac.compileMethod(Javac.java:149)
	at javassist.compiler.Javac.compile(Javac.java:95)
	at javassist.CtNewMethod.make(CtNewMethod.java:74)
	... 19 more
ERROR [Thread-6] 2017-06-08 22:10:32,537 repast.simphony.engine.watcher.Notifier2 - Error while initializing watcher triggerScheduler
javassist.CannotCompileException: [source error] ; is missing
	at javassist.CtNewMethod.make(CtNewMethod.java:79)
	at javassist.CtNewMethod.make(CtNewMethod.java:45)
	at repast.simphony.engine.watcher.query.BooleanExpressionCreator.doCreate(BooleanExpressionCreator.java:74)
	at repast.simphony.engine.watcher.query.BooleanExpressionCreator.create(BooleanExpressionCreator.java:43)
	at repast.simphony.engine.watcher.Notifier2$SetupTrigger.scheduleExecution(Notifier2.java:50)
	at repast.simphony.engine.watcher.Notifier2.triggered(Notifier2.java:150)
	at repast.simphony.engine.watcher.WatcherTrigger.notify(WatcherTrigger.java:116)
	at repast.simphony.engine.watcher.WatcherTrigger.triggered(WatcherTrigger.java:134)
	at neighbours.Schedule.computeSchedule(Schedule.java:37)
	at neighbours.Schedule.compute(Schedule.java:31)
	at neighbours.Agent$$FastClassByCGLIB$$21b9ceed.invoke(<generated>)
	at net.sf.cglib.reflect.FastMethod.invoke(FastMethod.java:53)
	at repast.simphony.engine.schedule.DynamicTargetAction.execute(DynamicTargetAction.java:69)
	at repast.simphony.engine.controller.ScheduledMethodControllerAction$ScheduleMethodAllAction.execute(ScheduledMethodControllerAction.java:333)
	at repast.simphony.engine.schedule.DefaultAction.execute(DefaultAction.java:38)
	at repast.simphony.engine.schedule.ScheduleGroup.executeList(ScheduleGroup.java:205)
	at repast.simphony.engine.schedule.ScheduleGroup.execute(ScheduleGroup.java:231)
	at repast.simphony.engine.schedule.Schedule.execute(Schedule.java:352)
	at repast.simphony.ui.GUIScheduleRunner$ScheduleLoopRunnable.run(GUIScheduleRunner.java:52)
	at java.lang.Thread.run(Thread.java:745)
Caused by: compile error: ; is missing
	at javassist.compiler.Parser.parseReturn(Parser.java:510)
	at javassist.compiler.Parser.parseStatement(Parser.java:269)
	at javassist.compiler.Parser.parseBlock(Parser.java:289)
	at javassist.compiler.Parser.parseMethod2(Parser.java:152)
	at javassist.compiler.Javac.compileMethod(Javac.java:149)
	at javassist.compiler.Javac.compile(Javac.java:95)
	at javassist.CtNewMethod.make(CtNewMethod.java:74)
	... 19 more
ERROR [Thread-6] 2017-06-08 22:10:32,538 repast.simphony.engine.watcher.Notifier2 - Error while initializing watcher triggerScheduler
javassist.CannotCompileException: [source error] ; is missing
	at javassist.CtNewMethod.make(CtNewMethod.java:79)
	at javassist.CtNewMethod.make(CtNewMethod.java:45)
	at repast.simphony.engine.watcher.query.BooleanExpressionCreator.doCreate(BooleanExpressionCreator.java:74)
	at repast.simphony.engine.watcher.query.BooleanExpressionCreator.create(BooleanExpressionCreator.java:43)
	at repast.simphony.engine.watcher.Notifier2$SetupTrigger.scheduleExecution(Notifier2.java:50)
	at repast.simphony.engine.watcher.Notifier2.triggered(Notifier2.java:150)
	at repast.simphony.engine.watcher.WatcherTrigger.notify(WatcherTrigger.java:116)
	at repast.simphony.engine.watcher.WatcherTrigger.triggered(WatcherTrigger.java:134)
	at neighbours.Schedule.computeSchedule(Schedule.java:38)
	at neighbours.Schedule.compute(Schedule.java:31)
	at neighbours.Agent$$FastClassByCGLIB$$21b9ceed.invoke(<generated>)
	at net.sf.cglib.reflect.FastMethod.invoke(FastMethod.java:53)
	at repast.simphony.engine.schedule.DynamicTargetAction.execute(DynamicTargetAction.java:69)
	at repast.simphony.engine.controller.ScheduledMethodControllerAction$ScheduleMethodAllAction.execute(ScheduledMethodControllerAction.java:333)
	at repast.simphony.engine.schedule.DefaultAction.execute(DefaultAction.java:38)
	at repast.simphony.engine.schedule.ScheduleGroup.executeList(ScheduleGroup.java:205)
	at repast.simphony.engine.schedule.ScheduleGroup.execute(ScheduleGroup.java:231)
	at repast.simphony.engine.schedule.Schedule.execute(Schedule.java:352)
	at repast.simphony.ui.GUIScheduleRunner$ScheduleLoopRunnable.run(GUIScheduleRunner.java:52)
	at java.lang.Thread.run(Thread.java:745)
Caused by: compile error: ; is missing
	at javassist.compiler.Parser.parseReturn(Parser.java:510)
	at javassist.compiler.Parser.parseStatement(Parser.java:269)
	at javassist.compiler.Parser.parseBlock(Parser.java:289)
	at javassist.compiler.Parser.parseMethod2(Parser.java:152)
	at javassist.compiler.Javac.compileMethod(Javac.java:149)
	at javassist.compiler.Javac.compile(Javac.java:95)
	at javassist.CtNewMethod.make(CtNewMethod.java:74)
	... 19 more
ERROR [Thread-6] 2017-06-08 22:10:32,539 repast.simphony.engine.watcher.Notifier2 - Error while initializing watcher triggerScheduler
javassist.CannotCompileException: [source error] ; is missing
	at javassist.CtNewMethod.make(CtNewMethod.java:79)
	at javassist.CtNewMethod.make(CtNewMethod.java:45)
	at repast.simphony.engine.watcher.query.BooleanExpressionCreator.doCreate(BooleanExpressionCreator.java:74)
	at repast.simphony.engine.watcher.query.BooleanExpressionCreator.create(BooleanExpressionCreator.java:43)
	at repast.simphony.engine.watcher.Notifier2$SetupTrigger.scheduleExecution(Notifier2.java:50)
	at repast.simphony.engine.watcher.Notifier2.triggered(Notifier2.java:150)
	at repast.simphony.engine.watcher.WatcherTrigger.notify(WatcherTrigger.java:116)
	at repast.simphony.engine.watcher.WatcherTrigger.triggered(WatcherTrigger.java:134)
	at neighbours.Schedule.computeSchedule(Schedule.java:39)
	at neighbours.Schedule.compute(Schedule.java:31)
	at neighbours.Agent$$FastClassByCGLIB$$21b9ceed.invoke(<generated>)
	at net.sf.cglib.reflect.FastMethod.invoke(FastMethod.java:53)
	at repast.simphony.engine.schedule.DynamicTargetAction.execute(DynamicTargetAction.java:69)
	at repast.simphony.engine.controller.ScheduledMethodControllerAction$ScheduleMethodAllAction.execute(ScheduledMethodControllerAction.java:333)
	at repast.simphony.engine.schedule.DefaultAction.execute(DefaultAction.java:38)
	at repast.simphony.engine.schedule.ScheduleGroup.executeList(ScheduleGroup.java:205)
	at repast.simphony.engine.schedule.ScheduleGroup.execute(ScheduleGroup.java:231)
	at repast.simphony.engine.schedule.Schedule.execute(Schedule.java:352)
	at repast.simphony.ui.GUIScheduleRunner$ScheduleLoopRunnable.run(GUIScheduleRunner.java:52)
	at java.lang.Thread.run(Thread.java:745)
Caused by: compile error: ; is missing
	at javassist.compiler.Parser.parseReturn(Parser.java:510)
	at javassist.compiler.Parser.parseStatement(Parser.java:269)
	at javassist.compiler.Parser.parseBlock(Parser.java:289)
	at javassist.compiler.Parser.parseMethod2(Parser.java:152)
	at javassist.compiler.Javac.compileMethod(Javac.java:149)
	at javassist.compiler.Javac.compile(Javac.java:95)
	at javassist.CtNewMethod.make(CtNewMethod.java:74)
	... 19 more
ERROR [Thread-6] 2017-06-08 22:10:32,547 repast.simphony.engine.watcher.Notifier2 - Error while initializing watcher triggerScheduler
javassist.CannotCompileException: [source error] ; is missing
	at javassist.CtNewMethod.make(CtNewMethod.java:79)
	at javassist.CtNewMethod.make(CtNewMethod.java:45)
	at repast.simphony.engine.watcher.query.BooleanExpressionCreator.doCreate(BooleanExpressionCreator.java:74)
	at repast.simphony.engine.watcher.query.BooleanExpressionCreator.create(BooleanExpressionCreator.java:43)
	at repast.simphony.engine.watcher.Notifier2$SetupTrigger.scheduleExecution(Notifier2.java:50)
	at repast.simphony.engine.watcher.Notifier2.triggered(Notifier2.java:150)
	at repast.simphony.engine.watcher.WatcherTrigger.notify(WatcherTrigger.java:116)
	at repast.simphony.engine.watcher.WatcherTrigger.triggered(WatcherTrigger.java:134)
	at neighbours.Schedule.computeSchedule(Schedule.java:37)
	at neighbours.Schedule.compute(Schedule.java:31)
	at neighbours.Agent$$FastClassByCGLIB$$21b9ceed.invoke(<generated>)
	at net.sf.cglib.reflect.FastMethod.invoke(FastMethod.java:53)
	at repast.simphony.engine.schedule.DynamicTargetAction.execute(DynamicTargetAction.java:69)
	at repast.simphony.engine.controller.ScheduledMethodControllerAction$ScheduleMethodAllAction.execute(ScheduledMethodControllerAction.java:333)
	at repast.simphony.engine.schedule.DefaultAction.execute(DefaultAction.java:38)
	at repast.simphony.engine.schedule.ScheduleGroup.executeList(ScheduleGroup.java:205)
	at repast.simphony.engine.schedule.ScheduleGroup.execute(ScheduleGroup.java:231)
	at repast.simphony.engine.schedule.Schedule.execute(Schedule.java:352)
	at repast.simphony.ui.GUIScheduleRunner$ScheduleLoopRunnable.run(GUIScheduleRunner.java:52)
	at java.lang.Thread.run(Thread.java:745)
Caused by: compile error: ; is missing
	at javassist.compiler.Parser.parseReturn(Parser.java:510)
	at javassist.compiler.Parser.parseStatement(Parser.java:269)
	at javassist.compiler.Parser.parseBlock(Parser.java:289)
	at javassist.compiler.Parser.parseMethod2(Parser.java:152)
	at javassist.compiler.Javac.compileMethod(Javac.java:149)
	at javassist.compiler.Javac.compile(Javac.java:95)
	at javassist.CtNewMethod.make(CtNewMethod.java:74)
	... 19 more
ERROR [Thread-6] 2017-06-08 22:10:32,548 repast.simphony.engine.watcher.Notifier2 - Error while initializing watcher triggerScheduler
javassist.CannotCompileException: [source error] ; is missing
	at javassist.CtNewMethod.make(CtNewMethod.java:79)
	at javassist.CtNewMethod.make(CtNewMethod.java:45)
	at repast.simphony.engine.watcher.query.BooleanExpressionCreator.doCreate(BooleanExpressionCreator.java:74)
	at repast.simphony.engine.watcher.query.BooleanExpressionCreator.create(BooleanExpressionCreator.java:43)
	at repast.simphony.engine.watcher.Notifier2$SetupTrigger.scheduleExecution(Notifier2.java:50)
	at repast.simphony.engine.watcher.Notifier2.triggered(Notifier2.java:150)
	at repast.simphony.engine.watcher.WatcherTrigger.notify(WatcherTrigger.java:116)
	at repast.simphony.engine.watcher.WatcherTrigger.triggered(WatcherTrigger.java:134)
	at neighbours.Schedule.computeSchedule(Schedule.java:38)
	at neighbours.Schedule.compute(Schedule.java:31)
	at neighbours.Agent$$FastClassByCGLIB$$21b9ceed.invoke(<generated>)
	at net.sf.cglib.reflect.FastMethod.invoke(FastMethod.java:53)
	at repast.simphony.engine.schedule.DynamicTargetAction.execute(DynamicTargetAction.java:69)
	at repast.simphony.engine.controller.ScheduledMethodControllerAction$ScheduleMethodAllAction.execute(ScheduledMethodControllerAction.java:333)
	at repast.simphony.engine.schedule.DefaultAction.execute(DefaultAction.java:38)
	at repast.simphony.engine.schedule.ScheduleGroup.executeList(ScheduleGroup.java:205)
	at repast.simphony.engine.schedule.ScheduleGroup.execute(ScheduleGroup.java:231)
	at repast.simphony.engine.schedule.Schedule.execute(Schedule.java:352)
	at repast.simphony.ui.GUIScheduleRunner$ScheduleLoopRunnable.run(GUIScheduleRunner.java:52)
	at java.lang.Thread.run(Thread.java:745)
Caused by: compile error: ; is missing
	at javassist.compiler.Parser.parseReturn(Parser.java:510)
	at javassist.compiler.Parser.parseStatement(Parser.java:269)
	at javassist.compiler.Parser.parseBlock(Parser.java:289)
	at javassist.compiler.Parser.parseMethod2(Parser.java:152)
	at javassist.compiler.Javac.compileMethod(Javac.java:149)
	at javassist.compiler.Javac.compile(Javac.java:95)
	at javassist.CtNewMethod.make(CtNewMethod.java:74)
	... 19 more
ERROR [Thread-6] 2017-06-08 22:10:32,549 repast.simphony.engine.watcher.Notifier2 - Error while initializing watcher triggerScheduler
javassist.CannotCompileException: [source error] ; is missing
	at javassist.CtNewMethod.make(CtNewMethod.java:79)
	at javassist.CtNewMethod.make(CtNewMethod.java:45)
	at repast.simphony.engine.watcher.query.BooleanExpressionCreator.doCreate(BooleanExpressionCreator.java:74)
	at repast.simphony.engine.watcher.query.BooleanExpressionCreator.create(BooleanExpressionCreator.java:43)
	at repast.simphony.engine.watcher.Notifier2$SetupTrigger.scheduleExecution(Notifier2.java:50)
	at repast.simphony.engine.watcher.Notifier2.triggered(Notifier2.java:150)
	at repast.simphony.engine.watcher.WatcherTrigger.notify(WatcherTrigger.java:116)
	at repast.simphony.engine.watcher.WatcherTrigger.triggered(WatcherTrigger.java:134)
	at neighbours.Schedule.computeSchedule(Schedule.java:39)
	at neighbours.Schedule.compute(Schedule.java:31)
	at neighbours.Agent$$FastClassByCGLIB$$21b9ceed.invoke(<generated>)
	at net.sf.cglib.reflect.FastMethod.invoke(FastMethod.java:53)
	at repast.simphony.engine.schedule.DynamicTargetAction.execute(DynamicTargetAction.java:69)
	at repast.simphony.engine.controller.ScheduledMethodControllerAction$ScheduleMethodAllAction.execute(ScheduledMethodControllerAction.java:333)
	at repast.simphony.engine.schedule.DefaultAction.execute(DefaultAction.java:38)
	at repast.simphony.engine.schedule.ScheduleGroup.executeList(ScheduleGroup.java:205)
	at repast.simphony.engine.schedule.ScheduleGroup.execute(ScheduleGroup.java:231)
	at repast.simphony.engine.schedule.Schedule.execute(Schedule.java:352)
	at repast.simphony.ui.GUIScheduleRunner$ScheduleLoopRunnable.run(GUIScheduleRunner.java:52)
	at java.lang.Thread.run(Thread.java:745)
Caused by: compile error: ; is missing
	at javassist.compiler.Parser.parseReturn(Parser.java:510)
	at javassist.compiler.Parser.parseStatement(Parser.java:269)
	at javassist.compiler.Parser.parseBlock(Parser.java:289)
	at javassist.compiler.Parser.parseMethod2(Parser.java:152)
	at javassist.compiler.Javac.compileMethod(Javac.java:149)
	at javassist.compiler.Javac.compile(Javac.java:95)
	at javassist.CtNewMethod.make(CtNewMethod.java:74)
	... 19 more
ERROR [Thread-6] 2017-06-08 22:10:32,552 repast.simphony.engine.watcher.Notifier2 - Error while initializing watcher triggerScheduler
javassist.CannotCompileException: [source error] ; is missing
	at javassist.CtNewMethod.make(CtNewMethod.java:79)
	at javassist.CtNewMethod.make(CtNewMethod.java:45)
	at repast.simphony.engine.watcher.query.BooleanExpressionCreator.doCreate(BooleanExpressionCreator.java:74)
	at repast.simphony.engine.watcher.query.BooleanExpressionCreator.create(BooleanExpressionCreator.java:43)
	at repast.simphony.engine.watcher.Notifier2$SetupTrigger.scheduleExecution(Notifier2.java:50)
	at repast.simphony.engine.watcher.Notifier2.triggered(Notifier2.java:150)
	at repast.simphony.engine.watcher.WatcherTrigger.notify(WatcherTrigger.java:116)
	at repast.simphony.engine.watcher.WatcherTrigger.triggered(WatcherTrigger.java:134)
	at neighbours.Schedule.computeSchedule(Schedule.java:37)
	at neighbours.Schedule.compute(Schedule.java:31)
	at neighbours.Agent$$FastClassByCGLIB$$21b9ceed.invoke(<generated>)
	at net.sf.cglib.reflect.FastMethod.invoke(FastMethod.java:53)
	at repast.simphony.engine.schedule.DynamicTargetAction.execute(DynamicTargetAction.java:69)
	at repast.simphony.engine.controller.ScheduledMethodControllerAction$ScheduleMethodAllAction.execute(ScheduledMethodControllerAction.java:333)
	at repast.simphony.engine.schedule.DefaultAction.execute(DefaultAction.java:38)
	at repast.simphony.engine.schedule.ScheduleGroup.executeList(ScheduleGroup.java:205)
	at repast.simphony.engine.schedule.ScheduleGroup.execute(ScheduleGroup.java:231)
	at repast.simphony.engine.schedule.Schedule.execute(Schedule.java:352)
	at repast.simphony.ui.GUIScheduleRunner$ScheduleLoopRunnable.run(GUIScheduleRunner.java:52)
	at java.lang.Thread.run(Thread.java:745)
Caused by: compile error: ; is missing
	at javassist.compiler.Parser.parseReturn(Parser.java:510)
	at javassist.compiler.Parser.parseStatement(Parser.java:269)
	at javassist.compiler.Parser.parseBlock(Parser.java:289)
	at javassist.compiler.Parser.parseMethod2(Parser.java:152)
	at javassist.compiler.Javac.compileMethod(Javac.java:149)
	at javassist.compiler.Javac.compile(Javac.java:95)
	at javassist.CtNewMethod.make(CtNewMethod.java:74)
	... 19 more
ERROR [Thread-6] 2017-06-08 22:10:32,556 repast.simphony.engine.watcher.Notifier2 - Error while initializing watcher triggerScheduler
javassist.CannotCompileException: [source error] ; is missing
	at javassist.CtNewMethod.make(CtNewMethod.java:79)
	at javassist.CtNewMethod.make(CtNewMethod.java:45)
	at repast.simphony.engine.watcher.query.BooleanExpressionCreator.doCreate(BooleanExpressionCreator.java:74)
	at repast.simphony.engine.watcher.query.BooleanExpressionCreator.create(BooleanExpressionCreator.java:43)
	at repast.simphony.engine.watcher.Notifier2$SetupTrigger.scheduleExecution(Notifier2.java:50)
	at repast.simphony.engine.watcher.Notifier2.triggered(Notifier2.java:150)
	at repast.simphony.engine.watcher.WatcherTrigger.notify(WatcherTrigger.java:116)
	at repast.simphony.engine.watcher.WatcherTrigger.triggered(WatcherTrigger.java:134)
	at neighbours.Schedule.computeSchedule(Schedule.java:38)
	at neighbours.Schedule.compute(Schedule.java:31)
	at neighbours.Agent$$FastClassByCGLIB$$21b9ceed.invoke(<generated>)
	at net.sf.cglib.reflect.FastMethod.invoke(FastMethod.java:53)
	at repast.simphony.engine.schedule.DynamicTargetAction.execute(DynamicTargetAction.java:69)
	at repast.simphony.engine.controller.ScheduledMethodControllerAction$ScheduleMethodAllAction.execute(ScheduledMethodControllerAction.java:333)
	at repast.simphony.engine.schedule.DefaultAction.execute(DefaultAction.java:38)
	at repast.simphony.engine.schedule.ScheduleGroup.executeList(ScheduleGroup.java:205)
	at repast.simphony.engine.schedule.ScheduleGroup.execute(ScheduleGroup.java:231)
	at repast.simphony.engine.schedule.Schedule.execute(Schedule.java:352)
	at repast.simphony.ui.GUIScheduleRunner$ScheduleLoopRunnable.run(GUIScheduleRunner.java:52)
	at java.lang.Thread.run(Thread.java:745)
Caused by: compile error: ; is missing
	at javassist.compiler.Parser.parseReturn(Parser.java:510)
	at javassist.compiler.Parser.parseStatement(Parser.java:269)
	at javassist.compiler.Parser.parseBlock(Parser.java:289)
	at javassist.compiler.Parser.parseMethod2(Parser.java:152)
	at javassist.compiler.Javac.compileMethod(Javac.java:149)
	at javassist.compiler.Javac.compile(Javac.java:95)
	at javassist.CtNewMethod.make(CtNewMethod.java:74)
	... 19 more
ERROR [Thread-6] 2017-06-08 22:10:32,558 repast.simphony.engine.watcher.Notifier2 - Error while initializing watcher triggerScheduler
javassist.CannotCompileException: [source error] ; is missing
	at javassist.CtNewMethod.make(CtNewMethod.java:79)
	at javassist.CtNewMethod.make(CtNewMethod.java:45)
	at repast.simphony.engine.watcher.query.BooleanExpressionCreator.doCreate(BooleanExpressionCreator.java:74)
	at repast.simphony.engine.watcher.query.BooleanExpressionCreator.create(BooleanExpressionCreator.java:43)
	at repast.simphony.engine.watcher.Notifier2$SetupTrigger.scheduleExecution(Notifier2.java:50)
	at repast.simphony.engine.watcher.Notifier2.triggered(Notifier2.java:150)
	at repast.simphony.engine.watcher.WatcherTrigger.notify(WatcherTrigger.java:116)
	at repast.simphony.engine.watcher.WatcherTrigger.triggered(WatcherTrigger.java:134)
	at neighbours.Schedule.computeSchedule(Schedule.java:39)
	at neighbours.Schedule.compute(Schedule.java:31)
	at neighbours.Agent$$FastClassByCGLIB$$21b9ceed.invoke(<generated>)
	at net.sf.cglib.reflect.FastMethod.invoke(FastMethod.java:53)
	at repast.simphony.engine.schedule.DynamicTargetAction.execute(DynamicTargetAction.java:69)
	at repast.simphony.engine.controller.ScheduledMethodControllerAction$ScheduleMethodAllAction.execute(ScheduledMethodControllerAction.java:333)
	at repast.simphony.engine.schedule.DefaultAction.execute(DefaultAction.java:38)
	at repast.simphony.engine.schedule.ScheduleGroup.executeList(ScheduleGroup.java:205)
	at repast.simphony.engine.schedule.ScheduleGroup.execute(ScheduleGroup.java:231)
	at repast.simphony.engine.schedule.Schedule.execute(Schedule.java:352)
	at repast.simphony.ui.GUIScheduleRunner$ScheduleLoopRunnable.run(GUIScheduleRunner.java:52)
	at java.lang.Thread.run(Thread.java:745)
Caused by: compile error: ; is missing
	at javassist.compiler.Parser.parseReturn(Parser.java:510)
	at javassist.compiler.Parser.parseStatement(Parser.java:269)
	at javassist.compiler.Parser.parseBlock(Parser.java:289)
	at javassist.compiler.Parser.parseMethod2(Parser.java:152)
	at javassist.compiler.Javac.compileMethod(Javac.java:149)
	at javassist.compiler.Javac.compile(Javac.java:95)
	at javassist.CtNewMethod.make(CtNewMethod.java:74)
	... 19 more
ERROR [Thread-6] 2017-06-08 22:10:32,561 repast.simphony.engine.watcher.Notifier2 - Error while initializing watcher triggerScheduler
javassist.CannotCompileException: [source error] ; is missing
	at javassist.CtNewMethod.make(CtNewMethod.java:79)
	at javassist.CtNewMethod.make(CtNewMethod.java:45)
	at repast.simphony.engine.watcher.query.BooleanExpressionCreator.doCreate(BooleanExpressionCreator.java:74)
	at repast.simphony.engine.watcher.query.BooleanExpressionCreator.create(BooleanExpressionCreator.java:43)
	at repast.simphony.engine.watcher.Notifier2$SetupTrigger.scheduleExecution(Notifier2.java:50)
	at repast.simphony.engine.watcher.Notifier2.triggered(Notifier2.java:150)
	at repast.simphony.engine.watcher.WatcherTrigger.notify(WatcherTrigger.java:116)
	at repast.simphony.engine.watcher.WatcherTrigger.triggered(WatcherTrigger.java:134)
	at neighbours.Schedule.computeSchedule(Schedule.java:37)
	at neighbours.Schedule.compute(Schedule.java:31)
	at neighbours.Agent$$FastClassByCGLIB$$21b9ceed.invoke(<generated>)
	at net.sf.cglib.reflect.FastMethod.invoke(FastMethod.java:53)
	at repast.simphony.engine.schedule.DynamicTargetAction.execute(DynamicTargetAction.java:69)
	at repast.simphony.engine.controller.ScheduledMethodControllerAction$ScheduleMethodAllAction.execute(ScheduledMethodControllerAction.java:333)
	at repast.simphony.engine.schedule.DefaultAction.execute(DefaultAction.java:38)
	at repast.simphony.engine.schedule.ScheduleGroup.executeList(ScheduleGroup.java:205)
	at repast.simphony.engine.schedule.ScheduleGroup.execute(ScheduleGroup.java:231)
	at repast.simphony.engine.schedule.Schedule.execute(Schedule.java:352)
	at repast.simphony.ui.GUIScheduleRunner$ScheduleLoopRunnable.run(GUIScheduleRunner.java:52)
	at java.lang.Thread.run(Thread.java:745)
Caused by: compile error: ; is missing
	at javassist.compiler.Parser.parseReturn(Parser.java:510)
	at javassist.compiler.Parser.parseStatement(Parser.java:269)
	at javassist.compiler.Parser.parseBlock(Parser.java:289)
	at javassist.compiler.Parser.parseMethod2(Parser.java:152)
	at javassist.compiler.Javac.compileMethod(Javac.java:149)
	at javassist.compiler.Javac.compile(Javac.java:95)
	at javassist.CtNewMethod.make(CtNewMethod.java:74)
	... 19 more
ERROR [Thread-6] 2017-06-08 22:10:32,561 repast.simphony.engine.watcher.Notifier2 - Error while initializing watcher triggerScheduler
javassist.CannotCompileException: [source error] ; is missing
	at javassist.CtNewMethod.make(CtNewMethod.java:79)
	at javassist.CtNewMethod.make(CtNewMethod.java:45)
	at repast.simphony.engine.watcher.query.BooleanExpressionCreator.doCreate(BooleanExpressionCreator.java:74)
	at repast.simphony.engine.watcher.query.BooleanExpressionCreator.create(BooleanExpressionCreator.java:43)
	at repast.simphony.engine.watcher.Notifier2$SetupTrigger.scheduleExecution(Notifier2.java:50)
	at repast.simphony.engine.watcher.Notifier2.triggered(Notifier2.java:150)
	at repast.simphony.engine.watcher.WatcherTrigger.notify(WatcherTrigger.java:116)
	at repast.simphony.engine.watcher.WatcherTrigger.triggered(WatcherTrigger.java:134)
	at neighbours.Schedule.computeSchedule(Schedule.java:38)
	at neighbours.Schedule.compute(Schedule.java:31)
	at neighbours.Agent$$FastClassByCGLIB$$21b9ceed.invoke(<generated>)
	at net.sf.cglib.reflect.FastMethod.invoke(FastMethod.java:53)
	at repast.simphony.engine.schedule.DynamicTargetAction.execute(DynamicTargetAction.java:69)
	at repast.simphony.engine.controller.ScheduledMethodControllerAction$ScheduleMethodAllAction.execute(ScheduledMethodControllerAction.java:333)
	at repast.simphony.engine.schedule.DefaultAction.execute(DefaultAction.java:38)
	at repast.simphony.engine.schedule.ScheduleGroup.executeList(ScheduleGroup.java:205)
	at repast.simphony.engine.schedule.ScheduleGroup.execute(ScheduleGroup.java:231)
	at repast.simphony.engine.schedule.Schedule.execute(Schedule.java:352)
	at repast.simphony.ui.GUIScheduleRunner$ScheduleLoopRunnable.run(GUIScheduleRunner.java:52)
	at java.lang.Thread.run(Thread.java:745)
Caused by: compile error: ; is missing
	at javassist.compiler.Parser.parseReturn(Parser.java:510)
	at javassist.compiler.Parser.parseStatement(Parser.java:269)
	at javassist.compiler.Parser.parseBlock(Parser.java:289)
	at javassist.compiler.Parser.parseMethod2(Parser.java:152)
	at javassist.compiler.Javac.compileMethod(Javac.java:149)
	at javassist.compiler.Javac.compile(Javac.java:95)
	at javassist.CtNewMethod.make(CtNewMethod.java:74)
	... 19 more
ERROR [Thread-6] 2017-06-08 22:10:32,563 repast.simphony.engine.watcher.Notifier2 - Error while initializing watcher triggerScheduler
javassist.CannotCompileException: [source error] ; is missing
	at javassist.CtNewMethod.make(CtNewMethod.java:79)
	at javassist.CtNewMethod.make(CtNewMethod.java:45)
	at repast.simphony.engine.watcher.query.BooleanExpressionCreator.doCreate(BooleanExpressionCreator.java:74)
	at repast.simphony.engine.watcher.query.BooleanExpressionCreator.create(BooleanExpressionCreator.java:43)
	at repast.simphony.engine.watcher.Notifier2$SetupTrigger.scheduleExecution(Notifier2.java:50)
	at repast.simphony.engine.watcher.Notifier2.triggered(Notifier2.java:150)
	at repast.simphony.engine.watcher.WatcherTrigger.notify(WatcherTrigger.java:116)
	at repast.simphony.engine.watcher.WatcherTrigger.triggered(WatcherTrigger.java:134)
	at neighbours.Schedule.computeSchedule(Schedule.java:39)
	at neighbours.Schedule.compute(Schedule.java:31)
	at neighbours.Agent$$FastClassByCGLIB$$21b9ceed.invoke(<generated>)
	at net.sf.cglib.reflect.FastMethod.invoke(FastMethod.java:53)
	at repast.simphony.engine.schedule.DynamicTargetAction.execute(DynamicTargetAction.java:69)
	at repast.simphony.engine.controller.ScheduledMethodControllerAction$ScheduleMethodAllAction.execute(ScheduledMethodControllerAction.java:333)
	at repast.simphony.engine.schedule.DefaultAction.execute(DefaultAction.java:38)
	at repast.simphony.engine.schedule.ScheduleGroup.executeList(ScheduleGroup.java:205)
	at repast.simphony.engine.schedule.ScheduleGroup.execute(ScheduleGroup.java:231)
	at repast.simphony.engine.schedule.Schedule.execute(Schedule.java:352)
	at repast.simphony.ui.GUIScheduleRunner$ScheduleLoopRunnable.run(GUIScheduleRunner.java:52)
	at java.lang.Thread.run(Thread.java:745)
Caused by: compile error: ; is missing
	at javassist.compiler.Parser.parseReturn(Parser.java:510)
	at javassist.compiler.Parser.parseStatement(Parser.java:269)
	at javassist.compiler.Parser.parseBlock(Parser.java:289)
	at javassist.compiler.Parser.parseMethod2(Parser.java:152)
	at javassist.compiler.Javac.compileMethod(Javac.java:149)
	at javassist.compiler.Javac.compile(Javac.java:95)
	at javassist.CtNewMethod.make(CtNewMethod.java:74)
	... 19 more
ERROR [Thread-6] 2017-06-08 22:10:32,601 repast.simphony.engine.watcher.Notifier2 - Error while initializing watcher triggerScheduler
javassist.CannotCompileException: [source error] ; is missing
	at javassist.CtNewMethod.make(CtNewMethod.java:79)
	at javassist.CtNewMethod.make(CtNewMethod.java:45)
	at repast.simphony.engine.watcher.query.BooleanExpressionCreator.doCreate(BooleanExpressionCreator.java:74)
	at repast.simphony.engine.watcher.query.BooleanExpressionCreator.create(BooleanExpressionCreator.java:43)
	at repast.simphony.engine.watcher.Notifier2$SetupTrigger.scheduleExecution(Notifier2.java:50)
	at repast.simphony.engine.watcher.Notifier2.triggered(Notifier2.java:150)
	at repast.simphony.engine.watcher.WatcherTrigger.notify(WatcherTrigger.java:116)
	at repast.simphony.engine.watcher.WatcherTrigger.triggered(WatcherTrigger.java:134)
	at neighbours.Schedule.computeSchedule(Schedule.java:37)
	at neighbours.Schedule.compute(Schedule.java:31)
	at neighbours.Agent$$FastClassByCGLIB$$21b9ceed.invoke(<generated>)
	at net.sf.cglib.reflect.FastMethod.invoke(FastMethod.java:53)
	at repast.simphony.engine.schedule.DynamicTargetAction.execute(DynamicTargetAction.java:69)
	at repast.simphony.engine.controller.ScheduledMethodControllerAction$ScheduleMethodAllAction.execute(ScheduledMethodControllerAction.java:333)
	at repast.simphony.engine.schedule.DefaultAction.execute(DefaultAction.java:38)
	at repast.simphony.engine.schedule.ScheduleGroup.executeList(ScheduleGroup.java:205)
	at repast.simphony.engine.schedule.ScheduleGroup.execute(ScheduleGroup.java:231)
	at repast.simphony.engine.schedule.Schedule.execute(Schedule.java:352)
	at repast.simphony.ui.GUIScheduleRunner$ScheduleLoopRunnable.run(GUIScheduleRunner.java:52)
	at java.lang.Thread.run(Thread.java:745)
Caused by: compile error: ; is missing
	at javassist.compiler.Parser.parseReturn(Parser.java:510)
	at javassist.compiler.Parser.parseStatement(Parser.java:269)
	at javassist.compiler.Parser.parseBlock(Parser.java:289)
	at javassist.compiler.Parser.parseMethod2(Parser.java:152)
	at javassist.compiler.Javac.compileMethod(Javac.java:149)
	at javassist.compiler.Javac.compile(Javac.java:95)
	at javassist.CtNewMethod.make(CtNewMethod.java:74)
	... 19 more
ERROR [Thread-6] 2017-06-08 22:10:32,615 repast.simphony.engine.watcher.Notifier2 - Error while initializing watcher triggerScheduler
javassist.CannotCompileException: [source error] ; is missing
	at javassist.CtNewMethod.make(CtNewMethod.java:79)
	at javassist.CtNewMethod.make(CtNewMethod.java:45)
	at repast.simphony.engine.watcher.query.BooleanExpressionCreator.doCreate(BooleanExpressionCreator.java:74)
	at repast.simphony.engine.watcher.query.BooleanExpressionCreator.create(BooleanExpressionCreator.java:43)
	at repast.simphony.engine.watcher.Notifier2$SetupTrigger.scheduleExecution(Notifier2.java:50)
	at repast.simphony.engine.watcher.Notifier2.triggered(Notifier2.java:150)
	at repast.simphony.engine.watcher.WatcherTrigger.notify(WatcherTrigger.java:116)
	at repast.simphony.engine.watcher.WatcherTrigger.triggered(WatcherTrigger.java:134)
	at neighbours.Schedule.computeSchedule(Schedule.java:38)
	at neighbours.Schedule.compute(Schedule.java:31)
	at neighbours.Agent$$FastClassByCGLIB$$21b9ceed.invoke(<generated>)
	at net.sf.cglib.reflect.FastMethod.invoke(FastMethod.java:53)
	at repast.simphony.engine.schedule.DynamicTargetAction.execute(DynamicTargetAction.java:69)
	at repast.simphony.engine.controller.ScheduledMethodControllerAction$ScheduleMethodAllAction.execute(ScheduledMethodControllerAction.java:333)
	at repast.simphony.engine.schedule.DefaultAction.execute(DefaultAction.java:38)
	at repast.simphony.engine.schedule.ScheduleGroup.executeList(ScheduleGroup.java:205)
	at repast.simphony.engine.schedule.ScheduleGroup.execute(ScheduleGroup.java:231)
	at repast.simphony.engine.schedule.Schedule.execute(Schedule.java:352)
	at repast.simphony.ui.GUIScheduleRunner$ScheduleLoopRunnable.run(GUIScheduleRunner.java:52)
	at java.lang.Thread.run(Thread.java:745)
Caused by: compile error: ; is missing
	at javassist.compiler.Parser.parseReturn(Parser.java:510)
	at javassist.compiler.Parser.parseStatement(Parser.java:269)
	at javassist.compiler.Parser.parseBlock(Parser.java:289)
	at javassist.compiler.Parser.parseMethod2(Parser.java:152)
	at javassist.compiler.Javac.compileMethod(Javac.java:149)
	at javassist.compiler.Javac.compile(Javac.java:95)
	at javassist.CtNewMethod.make(CtNewMethod.java:74)
	... 19 more
ERROR [Thread-6] 2017-06-08 22:10:32,621 repast.simphony.engine.watcher.Notifier2 - Error while initializing watcher triggerScheduler
javassist.CannotCompileException: [source error] ; is missing
	at javassist.CtNewMethod.make(CtNewMethod.java:79)
	at javassist.CtNewMethod.make(CtNewMethod.java:45)
	at repast.simphony.engine.watcher.query.BooleanExpressionCreator.doCreate(BooleanExpressionCreator.java:74)
	at repast.simphony.engine.watcher.query.BooleanExpressionCreator.create(BooleanExpressionCreator.java:43)
	at repast.simphony.engine.watcher.Notifier2$SetupTrigger.scheduleExecution(Notifier2.java:50)
	at repast.simphony.engine.watcher.Notifier2.triggered(Notifier2.java:150)
	at repast.simphony.engine.watcher.WatcherTrigger.notify(WatcherTrigger.java:116)
	at repast.simphony.engine.watcher.WatcherTrigger.triggered(WatcherTrigger.java:134)
	at neighbours.Schedule.computeSchedule(Schedule.java:39)
	at neighbours.Schedule.compute(Schedule.java:31)
	at neighbours.Agent$$FastClassByCGLIB$$21b9ceed.invoke(<generated>)
	at net.sf.cglib.reflect.FastMethod.invoke(FastMethod.java:53)
	at repast.simphony.engine.schedule.DynamicTargetAction.execute(DynamicTargetAction.java:69)
	at repast.simphony.engine.controller.ScheduledMethodControllerAction$ScheduleMethodAllAction.execute(ScheduledMethodControllerAction.java:333)
	at repast.simphony.engine.schedule.DefaultAction.execute(DefaultAction.java:38)
	at repast.simphony.engine.schedule.ScheduleGroup.executeList(ScheduleGroup.java:205)
	at repast.simphony.engine.schedule.ScheduleGroup.execute(ScheduleGroup.java:231)
	at repast.simphony.engine.schedule.Schedule.execute(Schedule.java:352)
	at repast.simphony.ui.GUIScheduleRunner$ScheduleLoopRunnable.run(GUIScheduleRunner.java:52)
	at java.lang.Thread.run(Thread.java:745)
Caused by: compile error: ; is missing
	at javassist.compiler.Parser.parseReturn(Parser.java:510)
	at javassist.compiler.Parser.parseStatement(Parser.java:269)
	at javassist.compiler.Parser.parseBlock(Parser.java:289)
	at javassist.compiler.Parser.parseMethod2(Parser.java:152)
	at javassist.compiler.Javac.compileMethod(Javac.java:149)
	at javassist.compiler.Javac.compile(Javac.java:95)
	at javassist.CtNewMethod.make(CtNewMethod.java:74)
	... 19 more
ERROR [AWT-EventQueue-0] 2017-06-08 23:28:35,315 repast.simphony.ui.RSApplication - Error while initializing simulation
java.lang.NullPointerException
	at neighbours.ContextCreator.build(ContextCreator.java:43)
	at repast.simphony.dataLoader.engine.ClassNameContextBuilder.build(ClassNameContextBuilder.java:41)
	at repast.simphony.dataLoader.engine.DataLoaderControllerAction.runInitialize(DataLoaderControllerAction.java:48)
	at repast.simphony.engine.controller.DefaultController$2.visit(DefaultController.java:214)
	at repast.simphony.engine.controller.DefaultController$2.visit(DefaultController.java:1)
	at repast.simphony.util.collections.NaryTree.preOrderTraverals(NaryTree.java:292)
	at repast.simphony.util.collections.NaryTree.preOrderTraverals(NaryTree.java:295)
	at repast.simphony.util.collections.NaryTree.preOrderTraverals(NaryTree.java:295)
	at repast.simphony.util.collections.NaryTree.preOrderTraversal(NaryTree.java:288)
	at repast.simphony.engine.controller.DefaultController.runInitialize(DefaultController.java:212)
	at repast.simphony.engine.controller.DefaultController.runInitialize(DefaultController.java:383)
	at repast.simphony.ui.RSApplication.initSim(RSApplication.java:157)
	at repast.simphony.ui.RSApplication.start(RSApplication.java:189)
	at repast.simphony.ui.action.StartRun.actionPerformed(StartRun.java:17)
	at javax.swing.AbstractButton.fireActionPerformed(AbstractButton.java:2022)
	at javax.swing.AbstractButton$Handler.actionPerformed(AbstractButton.java:2348)
	at javax.swing.DefaultButtonModel.fireActionPerformed(DefaultButtonModel.java:402)
	at javax.swing.DefaultButtonModel.setPressed(DefaultButtonModel.java:259)
	at javax.swing.plaf.basic.BasicButtonListener.mouseReleased(BasicButtonListener.java:252)
	at java.awt.AWTEventMulticaster.mouseReleased(AWTEventMulticaster.java:289)
	at java.awt.Component.processMouseEvent(Component.java:6535)
	at javax.swing.JComponent.processMouseEvent(JComponent.java:3324)
	at java.awt.Component.processEvent(Component.java:6300)
	at java.awt.Container.processEvent(Container.java:2236)
	at java.awt.Component.dispatchEventImpl(Component.java:4891)
	at java.awt.Container.dispatchEventImpl(Container.java:2294)
	at java.awt.Component.dispatchEvent(Component.java:4713)
	at java.awt.LightweightDispatcher.retargetMouseEvent(Container.java:4888)
	at java.awt.LightweightDispatcher.processMouseEvent(Container.java:4525)
	at java.awt.LightweightDispatcher.dispatchEvent(Container.java:4466)
	at java.awt.Container.dispatchEventImpl(Container.java:2280)
	at java.awt.Window.dispatchEventImpl(Window.java:2750)
	at java.awt.Component.dispatchEvent(Component.java:4713)
	at java.awt.EventQueue.dispatchEventImpl(EventQueue.java:758)
	at java.awt.EventQueue.access$500(EventQueue.java:97)
	at java.awt.EventQueue$3.run(EventQueue.java:709)
	at java.awt.EventQueue$3.run(EventQueue.java:703)
	at java.security.AccessController.doPrivileged(Native Method)
	at java.security.ProtectionDomain$JavaSecurityAccessImpl.doIntersectionPrivilege(ProtectionDomain.java:76)
	at java.security.ProtectionDomain$JavaSecurityAccessImpl.doIntersectionPrivilege(ProtectionDomain.java:86)
	at java.awt.EventQueue$4.run(EventQueue.java:731)
	at java.awt.EventQueue$4.run(EventQueue.java:729)
	at java.security.AccessController.doPrivileged(Native Method)
	at java.security.ProtectionDomain$JavaSecurityAccessImpl.doIntersectionPrivilege(ProtectionDomain.java:76)
	at java.awt.EventQueue.dispatchEvent(EventQueue.java:728)
	at java.awt.EventDispatchThread.pumpOneEventForFilters(EventDispatchThread.java:201)
	at java.awt.EventDispatchThread.pumpEventsForFilter(EventDispatchThread.java:116)
	at java.awt.EventDispatchThread.pumpEventsForHierarchy(EventDispatchThread.java:105)
	at java.awt.EventDispatchThread.pumpEvents(EventDispatchThread.java:101)
	at java.awt.EventDispatchThread.pumpEvents(EventDispatchThread.java:93)
	at java.awt.EventDispatchThread.run(EventDispatchThread.java:82)
FATAL [Thread-6] 2017-06-08 23:30:49,736 repast.simphony.ui.GUIScheduleRunner - RunTimeException when running the schedule
Current tick (8651.0)
java.lang.RuntimeException: java.lang.reflect.InvocationTargetException
	at repast.simphony.engine.schedule.DynamicTargetAction.execute(DynamicTargetAction.java:72)
	at repast.simphony.engine.controller.ScheduledMethodControllerAction$ScheduleMethodAllAction.execute(ScheduledMethodControllerAction.java:333)
	at repast.simphony.engine.schedule.DefaultAction.execute(DefaultAction.java:38)
	at repast.simphony.engine.schedule.ScheduleGroup.executeList(ScheduleGroup.java:205)
	at repast.simphony.engine.schedule.ScheduleGroup.execute(ScheduleGroup.java:231)
	at repast.simphony.engine.schedule.Schedule.execute(Schedule.java:352)
	at repast.simphony.ui.GUIScheduleRunner$ScheduleLoopRunnable.run(GUIScheduleRunner.java:52)
	at java.lang.Thread.run(Thread.java:745)
Caused by: java.lang.reflect.InvocationTargetException
	at neighbours.Agent$$FastClassByCGLIB$$21b9ceed.invoke(<generated>)
	at net.sf.cglib.reflect.FastMethod.invoke(FastMethod.java:53)
	at repast.simphony.engine.schedule.DynamicTargetAction.execute(DynamicTargetAction.java:69)
	... 7 more
Caused by: java.lang.RuntimeException: java.lang.reflect.InvocationTargetException
	at repast.simphony.engine.schedule.CallBackAction.execute(CallBackAction.java:129)
	at repast.simphony.engine.watcher.ArgMatcher$PlainTrigger.execute(ArgMatcher.java:148)
	at repast.simphony.engine.watcher.ImmediateExecutor.scheduleExecution(ImmediateExecutor.java:31)
	at repast.simphony.engine.watcher.Notifier2.triggered(Notifier2.java:150)
	at repast.simphony.engine.watcher.WatcherTrigger.notify(WatcherTrigger.java:116)
	at repast.simphony.engine.watcher.WatcherTrigger.triggered(WatcherTrigger.java:134)
	at neighbours.Schedule.computeSchedule(Schedule.java:32)
	at neighbours.Schedule.compute(Schedule.java:27)
	... 10 more
Caused by: java.lang.reflect.InvocationTargetException
	at neighbours.Human$$FastClassByCGLIB$$2222ed15.invoke(<generated>)
	at net.sf.cglib.reflect.FastMethod.invoke(FastMethod.java:53)
	at repast.simphony.engine.schedule.CallBackAction.execute(CallBackAction.java:127)
	... 17 more
Caused by: java.lang.NullPointerException
	at neighbours.Human.getPaid(Human.java:45)
	... 20 more
FATAL [Thread-6] 2017-06-08 23:34:07,714 repast.simphony.ui.GUIScheduleRunner - RunTimeException when running the schedule
Current tick (8651.0)
java.lang.RuntimeException: java.lang.reflect.InvocationTargetException
	at repast.simphony.engine.schedule.DynamicTargetAction.execute(DynamicTargetAction.java:72)
	at repast.simphony.engine.controller.ScheduledMethodControllerAction$ScheduleMethodAllAction.execute(ScheduledMethodControllerAction.java:333)
	at repast.simphony.engine.schedule.DefaultAction.execute(DefaultAction.java:38)
	at repast.simphony.engine.schedule.ScheduleGroup.executeList(ScheduleGroup.java:205)
	at repast.simphony.engine.schedule.ScheduleGroup.execute(ScheduleGroup.java:231)
	at repast.simphony.engine.schedule.Schedule.execute(Schedule.java:352)
	at repast.simphony.ui.GUIScheduleRunner$ScheduleLoopRunnable.run(GUIScheduleRunner.java:52)
	at java.lang.Thread.run(Thread.java:745)
Caused by: java.lang.reflect.InvocationTargetException
	at neighbours.Agent$$FastClassByCGLIB$$21b9ceed.invoke(<generated>)
	at net.sf.cglib.reflect.FastMethod.invoke(FastMethod.java:53)
	at repast.simphony.engine.schedule.DynamicTargetAction.execute(DynamicTargetAction.java:69)
	... 7 more
Caused by: java.lang.RuntimeException: java.lang.reflect.InvocationTargetException
	at repast.simphony.engine.schedule.CallBackAction.execute(CallBackAction.java:129)
	at repast.simphony.engine.watcher.ArgMatcher$PlainTrigger.execute(ArgMatcher.java:148)
	at repast.simphony.engine.watcher.ImmediateExecutor.scheduleExecution(ImmediateExecutor.java:31)
	at repast.simphony.engine.watcher.Notifier2.triggered(Notifier2.java:150)
	at repast.simphony.engine.watcher.WatcherTrigger.notify(WatcherTrigger.java:116)
	at repast.simphony.engine.watcher.WatcherTrigger.triggered(WatcherTrigger.java:134)
	at neighbours.Schedule.computeSchedule(Schedule.java:32)
	at neighbours.Schedule.compute(Schedule.java:27)
	... 10 more
Caused by: java.lang.reflect.InvocationTargetException
	at neighbours.Human$$FastClassByCGLIB$$2222ed15.invoke(<generated>)
	at net.sf.cglib.reflect.FastMethod.invoke(FastMethod.java:53)
	at repast.simphony.engine.schedule.CallBackAction.execute(CallBackAction.java:127)
	... 17 more
Caused by: java.lang.NullPointerException
	at neighbours.Human.getPaid(Human.java:45)
	... 20 more
