2017-06-08 21:29:51,108 - Resource Loader Instantiated: org.apache.velocity.runtime.resource.loader.ClasspathResourceLoader
2017-06-08 21:29:51,109 - ClasspathResourceLoader : initialization starting.
2017-06-08 21:29:51,109 - ClasspathResourceLoader : initialization complete.
2017-06-08 21:29:51,118 - ResourceCache : initialized. (class org.apache.velocity.runtime.resource.ResourceCacheImpl)
2017-06-08 21:29:51,118 - Default ResourceManager initialization complete.
2017-06-08 21:29:51,126 - Loaded System Directive: org.apache.velocity.runtime.directive.Literal
2017-06-08 21:29:51,135 - Loaded System Directive: org.apache.velocity.runtime.directive.Macro
2017-06-08 21:29:51,147 - Loaded System Directive: org.apache.velocity.runtime.directive.Parse
2017-06-08 21:29:51,154 - Loaded System Directive: org.apache.velocity.runtime.directive.Include
2017-06-08 21:29:51,159 - Loaded System Directive: org.apache.velocity.runtime.directive.Foreach
2017-06-08 21:29:51,235 - Created: 20 parsers.
2017-06-08 21:29:51,270 - Velocimacro : initialization starting.
2017-06-08 21:29:51,270 - Velocimacro : adding VMs from VM library template : VM_global_library.vm
2017-06-08 21:29:51,281 - ResourceManager : unable to find resource 'VM_global_library.vm' in any resource loader.
2017-06-08 21:29:51,281 - Velocimacro : error using  VM library template VM_global_library.vm : org.apache.velocity.exception.ResourceNotFoundException: Unable to find resource 'VM_global_library.vm'
2017-06-08 21:29:51,281 - Velocimacro :  VM library template macro registration complete.
2017-06-08 21:29:51,281 - Velocimacro : allowInline = true : VMs can be defined inline in templates
2017-06-08 21:29:51,281 - Velocimacro : allowInlineToOverride = false : VMs defined inline may NOT replace previous VM definitions
2017-06-08 21:29:51,281 - Velocimacro : allowInlineLocal = false : VMs defined inline will be  global in scope if allowed.
2017-06-08 21:29:51,281 - Velocimacro : messages on  : VM system will output logging messages
2017-06-08 21:29:51,281 - Velocimacro : autoload off  : VM system will not automatically reload global library macros
2017-06-08 21:29:51,281 - Velocimacro : initialization complete.
2017-06-08 21:29:51,281 - Velocity successfully started.
2017-06-08 21:34:23,497 - SimpleLog4JLogSystem initialized using logfile 'velocity.log'
2017-06-08 21:34:23,498 - ************************************************************** 
2017-06-08 21:34:23,498 - Starting Jakarta Velocity v1.4
2017-06-08 21:34:23,498 - RuntimeInstance initializing.
2017-06-08 21:34:23,498 - Default Properties File: org/apache/velocity/runtime/defaults/velocity.properties
2017-06-08 21:34:23,498 - Trying to use logger class org.apache.velocity.runtime.log.SimpleLog4JLogSystem
2017-06-08 21:34:23,498 - Using logger class org.apache.velocity.runtime.log.SimpleLog4JLogSystem
2017-06-08 21:34:23,511 - Default ResourceManager initializing. (class org.apache.velocity.runtime.resource.ResourceManagerImpl)
2017-06-08 21:34:23,525 - Resource Loader Instantiated: org.apache.velocity.runtime.resource.loader.ClasspathResourceLoader
2017-06-08 21:34:23,526 - ClasspathResourceLoader : initialization starting.
2017-06-08 21:34:23,527 - ClasspathResourceLoader : initialization complete.
2017-06-08 21:34:23,534 - ResourceCache : initialized. (class org.apache.velocity.runtime.resource.ResourceCacheImpl)
2017-06-08 21:34:23,534 - Default ResourceManager initialization complete.
2017-06-08 21:34:23,542 - Loaded System Directive: org.apache.velocity.runtime.directive.Literal
2017-06-08 21:34:23,551 - Loaded System Directive: org.apache.velocity.runtime.directive.Macro
2017-06-08 21:34:23,565 - Loaded System Directive: org.apache.velocity.runtime.directive.Parse
2017-06-08 21:34:23,577 - Loaded System Directive: org.apache.velocity.runtime.directive.Include
2017-06-08 21:34:23,581 - Loaded System Directive: org.apache.velocity.runtime.directive.Foreach
2017-06-08 21:34:23,662 - Created: 20 parsers.
2017-06-08 21:34:23,698 - Velocimacro : initialization starting.
2017-06-08 21:34:23,698 - Velocimacro : adding VMs from VM library template : VM_global_library.vm
2017-06-08 21:34:23,710 - ResourceManager : unable to find resource 'VM_global_library.vm' in any resource loader.
2017-06-08 21:34:23,710 - Velocimacro : error using  VM library template VM_global_library.vm : org.apache.velocity.exception.ResourceNotFoundException: Unable to find resource 'VM_global_library.vm'
2017-06-08 21:34:23,710 - Velocimacro :  VM library template macro registration complete.
2017-06-08 21:34:23,710 - Velocimacro : allowInline = true : VMs can be defined inline in templates
2017-06-08 21:34:23,710 - Velocimacro : allowInlineToOverride = false : VMs defined inline may NOT replace previous VM definitions
2017-06-08 21:34:23,710 - Velocimacro : allowInlineLocal = false : VMs defined inline will be  global in scope if allowed.
2017-06-08 21:34:23,710 - Velocimacro : messages on  : VM system will output logging messages
2017-06-08 21:34:23,710 - Velocimacro : autoload off  : VM system will not automatically reload global library macros
2017-06-08 21:34:23,710 - Velocimacro : initialization complete.
2017-06-08 21:34:23,710 - Velocity successfully started.
2017-06-08 21:35:43,705 - SimpleLog4JLogSystem initialized using logfile 'velocity.log'
2017-06-08 21:35:43,706 - ************************************************************** 
2017-06-08 21:35:43,706 - Starting Jakarta Velocity v1.4
2017-06-08 21:35:43,706 - RuntimeInstance initializing.
2017-06-08 21:35:43,706 - Default Properties File: org/apache/velocity/runtime/defaults/velocity.properties
2017-06-08 21:35:43,706 - Trying to use logger class org.apache.velocity.runtime.log.SimpleLog4JLogSystem
2017-06-08 21:35:43,706 - Using logger class org.apache.velocity.runtime.log.SimpleLog4JLogSystem
2017-06-08 21:35:43,720 - Default ResourceManager initializing. (class org.apache.velocity.runtime.resource.ResourceManagerImpl)
2017-06-08 21:35:43,732 - Resource Loader Instantiated: org.apache.velocity.runtime.resource.loader.ClasspathResourceLoader
2017-06-08 21:35:43,732 - ClasspathResourceLoader : initialization starting.
2017-06-08 21:35:43,732 - ClasspathResourceLoader : initialization complete.
2017-06-08 21:35:43,739 - ResourceCache : initialized. (class org.apache.velocity.runtime.resource.ResourceCacheImpl)
2017-06-08 21:35:43,739 - Default ResourceManager initialization complete.
2017-06-08 21:35:43,745 - Loaded System Directive: org.apache.velocity.runtime.directive.Literal
2017-06-08 21:35:43,754 - Loaded System Directive: org.apache.velocity.runtime.directive.Macro
2017-06-08 21:35:43,766 - Loaded System Directive: org.apache.velocity.runtime.directive.Parse
2017-06-08 21:35:43,775 - Loaded System Directive: org.apache.velocity.runtime.directive.Include
2017-06-08 21:35:43,778 - Loaded System Directive: org.apache.velocity.runtime.directive.Foreach
2017-06-08 21:35:43,844 - Created: 20 parsers.
2017-06-08 21:35:43,858 - Velocimacro : initialization starting.
2017-06-08 21:35:43,858 - Velocimacro : adding VMs from VM library template : VM_global_library.vm
2017-06-08 21:35:43,864 - ResourceManager : unable to find resource 'VM_global_library.vm' in any resource loader.
2017-06-08 21:35:43,864 - Velocimacro : error using  VM library template VM_global_library.vm : org.apache.velocity.exception.ResourceNotFoundException: Unable to find resource 'VM_global_library.vm'
2017-06-08 21:35:43,864 - Velocimacro :  VM library template macro registration complete.
2017-06-08 21:35:43,864 - Velocimacro : allowInline = true : VMs can be defined inline in templates
2017-06-08 21:35:43,865 - Velocimacro : allowInlineToOverride = false : VMs defined inline may NOT replace previous VM definitions
2017-06-08 21:35:43,865 - Velocimacro : allowInlineLocal = false : VMs defined inline will be  global in scope if allowed.
2017-06-08 21:35:43,865 - Velocimacro : messages on  : VM system will output logging messages
2017-06-08 21:35:43,865 - Velocimacro : autoload off  : VM system will not automatically reload global library macros
2017-06-08 21:35:43,865 - Velocimacro : initialization complete.
2017-06-08 21:35:43,865 - Velocity successfully started.
2017-06-08 21:43:12,791 - SimpleLog4JLogSystem initialized using logfile 'velocity.log'
2017-06-08 21:43:12,792 - ************************************************************** 
2017-06-08 21:43:12,792 - Starting Jakarta Velocity v1.4
2017-06-08 21:43:12,792 - RuntimeInstance initializing.
2017-06-08 21:43:12,792 - Default Properties File: org/apache/velocity/runtime/defaults/velocity.properties
2017-06-08 21:43:12,792 - Trying to use logger class org.apache.velocity.runtime.log.SimpleLog4JLogSystem
2017-06-08 21:43:12,792 - Using logger class org.apache.velocity.runtime.log.SimpleLog4JLogSystem
2017-06-08 21:43:12,804 - Default ResourceManager initializing. (class org.apache.velocity.runtime.resource.ResourceManagerImpl)
2017-06-08 21:43:12,816 - Resource Loader Instantiated: org.apache.velocity.runtime.resource.loader.ClasspathResourceLoader
2017-06-08 21:43:12,816 - ClasspathResourceLoader : initialization starting.
2017-06-08 21:43:12,816 - ClasspathResourceLoader : initialization complete.
2017-06-08 21:43:12,822 - ResourceCache : initialized. (class org.apache.velocity.runtime.resource.ResourceCacheImpl)
2017-06-08 21:43:12,822 - Default ResourceManager initialization complete.
2017-06-08 21:43:12,830 - Loaded System Directive: org.apache.velocity.runtime.directive.Literal
2017-06-08 21:43:12,839 - Loaded System Directive: org.apache.velocity.runtime.directive.Macro
2017-06-08 21:43:12,851 - Loaded System Directive: org.apache.velocity.runtime.directive.Parse
2017-06-08 21:43:12,859 - Loaded System Directive: org.apache.velocity.runtime.directive.Include
2017-06-08 21:43:12,862 - Loaded System Directive: org.apache.velocity.runtime.directive.Foreach
2017-06-08 21:43:12,932 - Created: 20 parsers.
2017-06-08 21:43:12,974 - Velocimacro : initialization starting.
2017-06-08 21:43:12,974 - Velocimacro : adding VMs from VM library template : VM_global_library.vm
2017-06-08 21:43:12,988 - ResourceManager : unable to find resource 'VM_global_library.vm' in any resource loader.
2017-06-08 21:43:12,988 - Velocimacro : error using  VM library template VM_global_library.vm : org.apache.velocity.exception.ResourceNotFoundException: Unable to find resource 'VM_global_library.vm'
2017-06-08 21:43:12,988 - Velocimacro :  VM library template macro registration complete.
2017-06-08 21:43:12,988 - Velocimacro : allowInline = true : VMs can be defined inline in templates
2017-06-08 21:43:12,989 - Velocimacro : allowInlineToOverride = false : VMs defined inline may NOT replace previous VM definitions
2017-06-08 21:43:12,989 - Velocimacro : allowInlineLocal = false : VMs defined inline will be  global in scope if allowed.
2017-06-08 21:43:12,989 - Velocimacro : messages on  : VM system will output logging messages
2017-06-08 21:43:12,989 - Velocimacro : autoload off  : VM system will not automatically reload global library macros
2017-06-08 21:43:12,989 - Velocimacro : initialization complete.
2017-06-08 21:43:12,989 - Velocity successfully started.
2017-06-08 21:46:08,372 - SimpleLog4JLogSystem initialized using logfile 'velocity.log'
2017-06-08 21:46:08,373 - ************************************************************** 
2017-06-08 21:46:08,373 - Starting Jakarta Velocity v1.4
2017-06-08 21:46:08,373 - RuntimeInstance initializing.
2017-06-08 21:46:08,373 - Default Properties File: org/apache/velocity/runtime/defaults/velocity.properties
2017-06-08 21:46:08,373 - Trying to use logger class org.apache.velocity.runtime.log.SimpleLog4JLogSystem
2017-06-08 21:46:08,373 - Using logger class org.apache.velocity.runtime.log.SimpleLog4JLogSystem
2017-06-08 21:46:08,388 - Default ResourceManager initializing. (class org.apache.velocity.runtime.resource.ResourceManagerImpl)
2017-06-08 21:46:08,402 - Resource Loader Instantiated: org.apache.velocity.runtime.resource.loader.ClasspathResourceLoader
2017-06-08 21:46:08,402 - ClasspathResourceLoader : initialization starting.
2017-06-08 21:46:08,402 - ClasspathResourceLoader : initialization complete.
2017-06-08 21:46:08,411 - ResourceCache : initialized. (class org.apache.velocity.runtime.resource.ResourceCacheImpl)
2017-06-08 21:46:08,411 - Default ResourceManager initialization complete.
2017-06-08 21:46:08,418 - Loaded System Directive: org.apache.velocity.runtime.directive.Literal
2017-06-08 21:46:08,426 - Loaded System Directive: org.apache.velocity.runtime.directive.Macro
2017-06-08 21:46:08,440 - Loaded System Directive: org.apache.velocity.runtime.directive.Parse
2017-06-08 21:46:08,448 - Loaded System Directive: org.apache.velocity.runtime.directive.Include
2017-06-08 21:46:08,451 - Loaded System Directive: org.apache.velocity.runtime.directive.Foreach
2017-06-08 21:46:08,522 - Created: 20 parsers.
2017-06-08 21:46:08,558 - Velocimacro : initialization starting.
2017-06-08 21:46:08,558 - Velocimacro : adding VMs from VM library template : VM_global_library.vm
2017-06-08 21:46:08,568 - ResourceManager : unable to find resource 'VM_global_library.vm' in any resource loader.
2017-06-08 21:46:08,568 - Velocimacro : error using  VM library template VM_global_library.vm : org.apache.velocity.exception.ResourceNotFoundException: Unable to find resource 'VM_global_library.vm'
2017-06-08 21:46:08,568 - Velocimacro :  VM library template macro registration complete.
2017-06-08 21:46:08,569 - Velocimacro : allowInline = true : VMs can be defined inline in templates
2017-06-08 21:46:08,569 - Velocimacro : allowInlineToOverride = false : VMs defined inline may NOT replace previous VM definitions
2017-06-08 21:46:08,569 - Velocimacro : allowInlineLocal = false : VMs defined inline will be  global in scope if allowed.
2017-06-08 21:46:08,569 - Velocimacro : messages on  : VM system will output logging messages
2017-06-08 21:46:08,569 - Velocimacro : autoload off  : VM system will not automatically reload global library macros
2017-06-08 21:46:08,569 - Velocimacro : initialization complete.
2017-06-08 21:46:08,569 - Velocity successfully started.
2017-06-08 21:47:58,619 - SimpleLog4JLogSystem initialized using logfile 'velocity.log'
2017-06-08 21:47:58,619 - ************************************************************** 
2017-06-08 21:47:58,619 - Starting Jakarta Velocity v1.4
2017-06-08 21:47:58,619 - RuntimeInstance initializing.
2017-06-08 21:47:58,619 - Default Properties File: org/apache/velocity/runtime/defaults/velocity.properties
2017-06-08 21:47:58,619 - Trying to use logger class org.apache.velocity.runtime.log.SimpleLog4JLogSystem
2017-06-08 21:47:58,619 - Using logger class org.apache.velocity.runtime.log.SimpleLog4JLogSystem
2017-06-08 21:47:58,633 - Default ResourceManager initializing. (class org.apache.velocity.runtime.resource.ResourceManagerImpl)
2017-06-08 21:47:58,641 - Resource Loader Instantiated: org.apache.velocity.runtime.resource.loader.ClasspathResourceLoader
2017-06-08 21:47:58,641 - ClasspathResourceLoader : initialization starting.
2017-06-08 21:47:58,641 - ClasspathResourceLoader : initialization complete.
2017-06-08 21:47:58,647 - ResourceCache : initialized. (class org.apache.velocity.runtime.resource.ResourceCacheImpl)
2017-06-08 21:47:58,647 - Default ResourceManager initialization complete.
2017-06-08 21:47:58,652 - Loaded System Directive: org.apache.velocity.runtime.directive.Literal
2017-06-08 21:47:58,658 - Loaded System Directive: org.apache.velocity.runtime.directive.Macro
2017-06-08 21:47:58,667 - Loaded System Directive: org.apache.velocity.runtime.directive.Parse
2017-06-08 21:47:58,673 - Loaded System Directive: org.apache.velocity.runtime.directive.Include
2017-06-08 21:47:58,677 - Loaded System Directive: org.apache.velocity.runtime.directive.Foreach
2017-06-08 21:47:58,733 - Created: 20 parsers.
2017-06-08 21:47:58,769 - Velocimacro : initialization starting.
2017-06-08 21:47:58,769 - Velocimacro : adding VMs from VM library template : VM_global_library.vm
2017-06-08 21:47:58,781 - ResourceManager : unable to find resource 'VM_global_library.vm' in any resource loader.
2017-06-08 21:47:58,782 - Velocimacro : error using  VM library template VM_global_library.vm : org.apache.velocity.exception.ResourceNotFoundException: Unable to find resource 'VM_global_library.vm'
2017-06-08 21:47:58,782 - Velocimacro :  VM library template macro registration complete.
2017-06-08 21:47:58,782 - Velocimacro : allowInline = true : VMs can be defined inline in templates
2017-06-08 21:47:58,782 - Velocimacro : allowInlineToOverride = false : VMs defined inline may NOT replace previous VM definitions
2017-06-08 21:47:58,782 - Velocimacro : allowInlineLocal = false : VMs defined inline will be  global in scope if allowed.
2017-06-08 21:47:58,782 - Velocimacro : messages on  : VM system will output logging messages
2017-06-08 21:47:58,782 - Velocimacro : autoload off  : VM system will not automatically reload global library macros
2017-06-08 21:47:58,782 - Velocimacro : initialization complete.
2017-06-08 21:47:58,782 - Velocity successfully started.
2017-06-08 21:55:13,527 - SimpleLog4JLogSystem initialized using logfile 'velocity.log'
2017-06-08 21:55:13,527 - ************************************************************** 
2017-06-08 21:55:13,527 - Starting Jakarta Velocity v1.4
2017-06-08 21:55:13,527 - RuntimeInstance initializing.
2017-06-08 21:55:13,527 - Default Properties File: org/apache/velocity/runtime/defaults/velocity.properties
2017-06-08 21:55:13,527 - Trying to use logger class org.apache.velocity.runtime.log.SimpleLog4JLogSystem
2017-06-08 21:55:13,527 - Using logger class org.apache.velocity.runtime.log.SimpleLog4JLogSystem
2017-06-08 21:55:13,538 - Default ResourceManager initializing. (class org.apache.velocity.runtime.resource.ResourceManagerImpl)
2017-06-08 21:55:13,555 - Resource Loader Instantiated: org.apache.velocity.runtime.resource.loader.ClasspathResourceLoader
2017-06-08 21:55:13,555 - ClasspathResourceLoader : initialization starting.
2017-06-08 21:55:13,556 - ClasspathResourceLoader : initialization complete.
2017-06-08 21:55:13,565 - ResourceCache : initialized. (class org.apache.velocity.runtime.resource.ResourceCacheImpl)
2017-06-08 21:55:13,565 - Default ResourceManager initialization complete.
2017-06-08 21:55:13,572 - Loaded System Directive: org.apache.velocity.runtime.directive.Literal
2017-06-08 21:55:13,584 - Loaded System Directive: org.apache.velocity.runtime.directive.Macro
2017-06-08 21:55:13,595 - Loaded System Directive: org.apache.velocity.runtime.directive.Parse
2017-06-08 21:55:13,601 - Loaded System Directive: org.apache.velocity.runtime.directive.Include
2017-06-08 21:55:13,606 - Loaded System Directive: org.apache.velocity.runtime.directive.Foreach
2017-06-08 21:55:13,684 - Created: 20 parsers.
2017-06-08 21:55:13,724 - Velocimacro : initialization starting.
2017-06-08 21:55:13,724 - Velocimacro : adding VMs from VM library template : VM_global_library.vm
2017-06-08 21:55:13,734 - ResourceManager : unable to find resource 'VM_global_library.vm' in any resource loader.
2017-06-08 21:55:13,734 - Velocimacro : error using  VM library template VM_global_library.vm : org.apache.velocity.exception.ResourceNotFoundException: Unable to find resource 'VM_global_library.vm'
2017-06-08 21:55:13,734 - Velocimacro :  VM library template macro registration complete.
2017-06-08 21:55:13,734 - Velocimacro : allowInline = true : VMs can be defined inline in templates
2017-06-08 21:55:13,734 - Velocimacro : allowInlineToOverride = false : VMs defined inline may NOT replace previous VM definitions
2017-06-08 21:55:13,734 - Velocimacro : allowInlineLocal = false : VMs defined inline will be  global in scope if allowed.
2017-06-08 21:55:13,734 - Velocimacro : messages on  : VM system will output logging messages
2017-06-08 21:55:13,734 - Velocimacro : autoload off  : VM system will not automatically reload global library macros
2017-06-08 21:55:13,734 - Velocimacro : initialization complete.
2017-06-08 21:55:13,734 - Velocity successfully started.
2017-06-08 21:56:01,896 - SimpleLog4JLogSystem initialized using logfile 'velocity.log'
2017-06-08 21:56:01,896 - ************************************************************** 
2017-06-08 21:56:01,896 - Starting Jakarta Velocity v1.4
2017-06-08 21:56:01,896 - RuntimeInstance initializing.
2017-06-08 21:56:01,896 - Default Properties File: org/apache/velocity/runtime/defaults/velocity.properties
2017-06-08 21:56:01,896 - Trying to use logger class org.apache.velocity.runtime.log.SimpleLog4JLogSystem
2017-06-08 21:56:01,896 - Using logger class org.apache.velocity.runtime.log.SimpleLog4JLogSystem
2017-06-08 21:56:01,911 - Default ResourceManager initializing. (class org.apache.velocity.runtime.resource.ResourceManagerImpl)
2017-06-08 21:56:01,923 - Resource Loader Instantiated: org.apache.velocity.runtime.resource.loader.ClasspathResourceLoader
2017-06-08 21:56:01,923 - ClasspathResourceLoader : initialization starting.
2017-06-08 21:56:01,923 - ClasspathResourceLoader : initialization complete.
2017-06-08 21:56:01,932 - ResourceCache : initialized. (class org.apache.velocity.runtime.resource.ResourceCacheImpl)
2017-06-08 21:56:01,932 - Default ResourceManager initialization complete.
2017-06-08 21:56:01,940 - Loaded System Directive: org.apache.velocity.runtime.directive.Literal
2017-06-08 21:56:01,949 - Loaded System Directive: org.apache.velocity.runtime.directive.Macro
2017-06-08 21:56:01,962 - Loaded System Directive: org.apache.velocity.runtime.directive.Parse
2017-06-08 21:56:01,972 - Loaded System Directive: org.apache.velocity.runtime.directive.Include
2017-06-08 21:56:01,977 - Loaded System Directive: org.apache.velocity.runtime.directive.Foreach
2017-06-08 21:56:02,052 - Created: 20 parsers.
2017-06-08 21:56:02,094 - Velocimacro : initialization starting.
2017-06-08 21:56:02,094 - Velocimacro : adding VMs from VM library template : VM_global_library.vm
2017-06-08 21:56:02,108 - ResourceManager : unable to find resource 'VM_global_library.vm' in any resource loader.
2017-06-08 21:56:02,108 - Velocimacro : error using  VM library template VM_global_library.vm : org.apache.velocity.exception.ResourceNotFoundException: Unable to find resource 'VM_global_library.vm'
2017-06-08 21:56:02,108 - Velocimacro :  VM library template macro registration complete.
2017-06-08 21:56:02,108 - Velocimacro : allowInline = true : VMs can be defined inline in templates
2017-06-08 21:56:02,108 - Velocimacro : allowInlineToOverride = false : VMs defined inline may NOT replace previous VM definitions
2017-06-08 21:56:02,108 - Velocimacro : allowInlineLocal = false : VMs defined inline will be  global in scope if allowed.
2017-06-08 21:56:02,108 - Velocimacro : messages on  : VM system will output logging messages
2017-06-08 21:56:02,108 - Velocimacro : autoload off  : VM system will not automatically reload global library macros
2017-06-08 21:56:02,108 - Velocimacro : initialization complete.
2017-06-08 21:56:02,108 - Velocity successfully started.
2017-06-08 21:56:36,826 - SimpleLog4JLogSystem initialized using logfile 'velocity.log'
2017-06-08 21:56:36,826 - ************************************************************** 
2017-06-08 21:56:36,826 - Starting Jakarta Velocity v1.4
2017-06-08 21:56:36,826 - RuntimeInstance initializing.
2017-06-08 21:56:36,826 - Default Properties File: org/apache/velocity/runtime/defaults/velocity.properties
2017-06-08 21:56:36,826 - Trying to use logger class org.apache.velocity.runtime.log.SimpleLog4JLogSystem
2017-06-08 21:56:36,826 - Using logger class org.apache.velocity.runtime.log.SimpleLog4JLogSystem
2017-06-08 21:56:36,839 - Default ResourceManager initializing. (class org.apache.velocity.runtime.resource.ResourceManagerImpl)
2017-06-08 21:56:36,851 - Resource Loader Instantiated: org.apache.velocity.runtime.resource.loader.ClasspathResourceLoader
2017-06-08 21:56:36,852 - ClasspathResourceLoader : initialization starting.
2017-06-08 21:56:36,852 - ClasspathResourceLoader : initialization complete.
2017-06-08 21:56:36,859 - ResourceCache : initialized. (class org.apache.velocity.runtime.resource.ResourceCacheImpl)
2017-06-08 21:56:36,859 - Default ResourceManager initialization complete.
2017-06-08 21:56:36,865 - Loaded System Directive: org.apache.velocity.runtime.directive.Literal
2017-06-08 21:56:36,871 - Loaded System Directive: org.apache.velocity.runtime.directive.Macro
2017-06-08 21:56:36,884 - Loaded System Directive: org.apache.velocity.runtime.directive.Parse
2017-06-08 21:56:36,892 - Loaded System Directive: org.apache.velocity.runtime.directive.Include
2017-06-08 21:56:36,895 - Loaded System Directive: org.apache.velocity.runtime.directive.Foreach
2017-06-08 21:56:36,966 - Created: 20 parsers.
2017-06-08 21:56:36,996 - Velocimacro : initialization starting.
2017-06-08 21:56:36,996 - Velocimacro : adding VMs from VM library template : VM_global_library.vm
2017-06-08 21:56:37,006 - ResourceManager : unable to find resource 'VM_global_library.vm' in any resource loader.
2017-06-08 21:56:37,006 - Velocimacro : error using  VM library template VM_global_library.vm : org.apache.velocity.exception.ResourceNotFoundException: Unable to find resource 'VM_global_library.vm'
2017-06-08 21:56:37,007 - Velocimacro :  VM library template macro registration complete.
2017-06-08 21:56:37,007 - Velocimacro : allowInline = true : VMs can be defined inline in templates
2017-06-08 21:56:37,007 - Velocimacro : allowInlineToOverride = false : VMs defined inline may NOT replace previous VM definitions
2017-06-08 21:56:37,007 - Velocimacro : allowInlineLocal = false : VMs defined inline will be  global in scope if allowed.
2017-06-08 21:56:37,007 - Velocimacro : messages on  : VM system will output logging messages
2017-06-08 21:56:37,007 - Velocimacro : autoload off  : VM system will not automatically reload global library macros
2017-06-08 21:56:37,007 - Velocimacro : initialization complete.
2017-06-08 21:56:37,007 - Velocity successfully started.
2017-06-08 21:59:22,040 - SimpleLog4JLogSystem initialized using logfile 'velocity.log'
2017-06-08 21:59:22,040 - ************************************************************** 
2017-06-08 21:59:22,040 - Starting Jakarta Velocity v1.4
2017-06-08 21:59:22,040 - RuntimeInstance initializing.
2017-06-08 21:59:22,040 - Default Properties File: org/apache/velocity/runtime/defaults/velocity.properties
2017-06-08 21:59:22,040 - Trying to use logger class org.apache.velocity.runtime.log.SimpleLog4JLogSystem
2017-06-08 21:59:22,040 - Using logger class org.apache.velocity.runtime.log.SimpleLog4JLogSystem
2017-06-08 21:59:22,051 - Default ResourceManager initializing. (class org.apache.velocity.runtime.resource.ResourceManagerImpl)
2017-06-08 21:59:22,062 - Resource Loader Instantiated: org.apache.velocity.runtime.resource.loader.ClasspathResourceLoader
2017-06-08 21:59:22,062 - ClasspathResourceLoader : initialization starting.
2017-06-08 21:59:22,062 - ClasspathResourceLoader : initialization complete.
2017-06-08 21:59:22,071 - ResourceCache : initialized. (class org.apache.velocity.runtime.resource.ResourceCacheImpl)
2017-06-08 21:59:22,071 - Default ResourceManager initialization complete.
2017-06-08 21:59:22,079 - Loaded System Directive: org.apache.velocity.runtime.directive.Literal
2017-06-08 21:59:22,087 - Loaded System Directive: org.apache.velocity.runtime.directive.Macro
2017-06-08 21:59:22,097 - Loaded System Directive: org.apache.velocity.runtime.directive.Parse
2017-06-08 21:59:22,106 - Loaded System Directive: org.apache.velocity.runtime.directive.Include
2017-06-08 21:59:22,109 - Loaded System Directive: org.apache.velocity.runtime.directive.Foreach
2017-06-08 21:59:22,186 - Created: 20 parsers.
2017-06-08 21:59:22,217 - Velocimacro : initialization starting.
2017-06-08 21:59:22,217 - Velocimacro : adding VMs from VM library template : VM_global_library.vm
2017-06-08 21:59:22,225 - ResourceManager : unable to find resource 'VM_global_library.vm' in any resource loader.
2017-06-08 21:59:22,226 - Velocimacro : error using  VM library template VM_global_library.vm : org.apache.velocity.exception.ResourceNotFoundException: Unable to find resource 'VM_global_library.vm'
2017-06-08 21:59:22,226 - Velocimacro :  VM library template macro registration complete.
2017-06-08 21:59:22,226 - Velocimacro : allowInline = true : VMs can be defined inline in templates
2017-06-08 21:59:22,226 - Velocimacro : allowInlineToOverride = false : VMs defined inline may NOT replace previous VM definitions
2017-06-08 21:59:22,226 - Velocimacro : allowInlineLocal = false : VMs defined inline will be  global in scope if allowed.
2017-06-08 21:59:22,226 - Velocimacro : messages on  : VM system will output logging messages
2017-06-08 21:59:22,226 - Velocimacro : autoload off  : VM system will not automatically reload global library macros
2017-06-08 21:59:22,226 - Velocimacro : initialization complete.
2017-06-08 21:59:22,226 - Velocity successfully started.
2017-06-08 22:06:19,402 - SimpleLog4JLogSystem initialized using logfile 'velocity.log'
2017-06-08 22:06:19,403 - ************************************************************** 
2017-06-08 22:06:19,403 - Starting Jakarta Velocity v1.4
2017-06-08 22:06:19,403 - RuntimeInstance initializing.
2017-06-08 22:06:19,403 - Default Properties File: org/apache/velocity/runtime/defaults/velocity.properties
2017-06-08 22:06:19,403 - Trying to use logger class org.apache.velocity.runtime.log.SimpleLog4JLogSystem
2017-06-08 22:06:19,403 - Using logger class org.apache.velocity.runtime.log.SimpleLog4JLogSystem
2017-06-08 22:06:19,417 - Default ResourceManager initializing. (class org.apache.velocity.runtime.resource.ResourceManagerImpl)
2017-06-08 22:06:19,427 - Resource Loader Instantiated: org.apache.velocity.runtime.resource.loader.ClasspathResourceLoader
2017-06-08 22:06:19,427 - ClasspathResourceLoader : initialization starting.
2017-06-08 22:06:19,428 - ClasspathResourceLoader : initialization complete.
2017-06-08 22:06:19,434 - ResourceCache : initialized. (class org.apache.velocity.runtime.resource.ResourceCacheImpl)
2017-06-08 22:06:19,434 - Default ResourceManager initialization complete.
2017-06-08 22:06:19,440 - Loaded System Directive: org.apache.velocity.runtime.directive.Literal
2017-06-08 22:06:19,446 - Loaded System Directive: org.apache.velocity.runtime.directive.Macro
2017-06-08 22:06:19,458 - Loaded System Directive: org.apache.velocity.runtime.directive.Parse
2017-06-08 22:06:19,466 - Loaded System Directive: org.apache.velocity.runtime.directive.Include
2017-06-08 22:06:19,471 - Loaded System Directive: org.apache.velocity.runtime.directive.Foreach
2017-06-08 22:06:19,538 - Created: 20 parsers.
2017-06-08 22:06:19,575 - Velocimacro : initialization starting.
2017-06-08 22:06:19,575 - Velocimacro : adding VMs from VM library template : VM_global_library.vm
2017-06-08 22:06:19,586 - ResourceManager : unable to find resource 'VM_global_library.vm' in any resource loader.
2017-06-08 22:06:19,586 - Velocimacro : error using  VM library template VM_global_library.vm : org.apache.velocity.exception.ResourceNotFoundException: Unable to find resource 'VM_global_library.vm'
2017-06-08 22:06:19,586 - Velocimacro :  VM library template macro registration complete.
2017-06-08 22:06:19,586 - Velocimacro : allowInline = true : VMs can be defined inline in templates
2017-06-08 22:06:19,586 - Velocimacro : allowInlineToOverride = false : VMs defined inline may NOT replace previous VM definitions
2017-06-08 22:06:19,586 - Velocimacro : allowInlineLocal = false : VMs defined inline will be  global in scope if allowed.
2017-06-08 22:06:19,586 - Velocimacro : messages on  : VM system will output logging messages
2017-06-08 22:06:19,586 - Velocimacro : autoload off  : VM system will not automatically reload global library macros
2017-06-08 22:06:19,586 - Velocimacro : initialization complete.
2017-06-08 22:06:19,586 - Velocity successfully started.
2017-06-08 22:07:08,465 - SimpleLog4JLogSystem initialized using logfile 'velocity.log'
2017-06-08 22:07:08,465 - ************************************************************** 
2017-06-08 22:07:08,465 - Starting Jakarta Velocity v1.4
2017-06-08 22:07:08,465 - RuntimeInstance initializing.
2017-06-08 22:07:08,465 - Default Properties File: org/apache/velocity/runtime/defaults/velocity.properties
2017-06-08 22:07:08,465 - Trying to use logger class org.apache.velocity.runtime.log.SimpleLog4JLogSystem
2017-06-08 22:07:08,465 - Using logger class org.apache.velocity.runtime.log.SimpleLog4JLogSystem
2017-06-08 22:07:08,478 - Default ResourceManager initializing. (class org.apache.velocity.runtime.resource.ResourceManagerImpl)
2017-06-08 22:07:08,488 - Resource Loader Instantiated: org.apache.velocity.runtime.resource.loader.ClasspathResourceLoader
2017-06-08 22:07:08,488 - ClasspathResourceLoader : initialization starting.
2017-06-08 22:07:08,489 - ClasspathResourceLoader : initialization complete.
2017-06-08 22:07:08,495 - ResourceCache : initialized. (class org.apache.velocity.runtime.resource.ResourceCacheImpl)
2017-06-08 22:07:08,495 - Default ResourceManager initialization complete.
2017-06-08 22:07:08,501 - Loaded System Directive: org.apache.velocity.runtime.directive.Literal
2017-06-08 22:07:08,510 - Loaded System Directive: org.apache.velocity.runtime.directive.Macro
2017-06-08 22:07:08,522 - Loaded System Directive: org.apache.velocity.runtime.directive.Parse
2017-06-08 22:07:08,528 - Loaded System Directive: org.apache.velocity.runtime.directive.Include
2017-06-08 22:07:08,532 - Loaded System Directive: org.apache.velocity.runtime.directive.Foreach
2017-06-08 22:07:08,611 - Created: 20 parsers.
2017-06-08 22:07:08,649 - Velocimacro : initialization starting.
2017-06-08 22:07:08,649 - Velocimacro : adding VMs from VM library template : VM_global_library.vm
2017-06-08 22:07:08,659 - ResourceManager : unable to find resource 'VM_global_library.vm' in any resource loader.
2017-06-08 22:07:08,659 - Velocimacro : error using  VM library template VM_global_library.vm : org.apache.velocity.exception.ResourceNotFoundException: Unable to find resource 'VM_global_library.vm'
2017-06-08 22:07:08,659 - Velocimacro :  VM library template macro registration complete.
2017-06-08 22:07:08,659 - Velocimacro : allowInline = true : VMs can be defined inline in templates
2017-06-08 22:07:08,659 - Velocimacro : allowInlineToOverride = false : VMs defined inline may NOT replace previous VM definitions
2017-06-08 22:07:08,659 - Velocimacro : allowInlineLocal = false : VMs defined inline will be  global in scope if allowed.
2017-06-08 22:07:08,659 - Velocimacro : messages on  : VM system will output logging messages
2017-06-08 22:07:08,659 - Velocimacro : autoload off  : VM system will not automatically reload global library macros
2017-06-08 22:07:08,659 - Velocimacro : initialization complete.
2017-06-08 22:07:08,659 - Velocity successfully started.
2017-06-08 22:09:37,049 - SimpleLog4JLogSystem initialized using logfile 'velocity.log'
2017-06-08 22:09:37,049 - ************************************************************** 
2017-06-08 22:09:37,049 - Starting Jakarta Velocity v1.4
2017-06-08 22:09:37,050 - RuntimeInstance initializing.
2017-06-08 22:09:37,050 - Default Properties File: org/apache/velocity/runtime/defaults/velocity.properties
2017-06-08 22:09:37,050 - Trying to use logger class org.apache.velocity.runtime.log.SimpleLog4JLogSystem
2017-06-08 22:09:37,050 - Using logger class org.apache.velocity.runtime.log.SimpleLog4JLogSystem
2017-06-08 22:09:37,063 - Default ResourceManager initializing. (class org.apache.velocity.runtime.resource.ResourceManagerImpl)
2017-06-08 22:09:37,077 - Resource Loader Instantiated: org.apache.velocity.runtime.resource.loader.ClasspathResourceLoader
2017-06-08 22:09:37,077 - ClasspathResourceLoader : initialization starting.
2017-06-08 22:09:37,077 - ClasspathResourceLoader : initialization complete.
2017-06-08 22:09:37,085 - ResourceCache : initialized. (class org.apache.velocity.runtime.resource.ResourceCacheImpl)
2017-06-08 22:09:37,085 - Default ResourceManager initialization complete.
2017-06-08 22:09:37,092 - Loaded System Directive: org.apache.velocity.runtime.directive.Literal
2017-06-08 22:09:37,099 - Loaded System Directive: org.apache.velocity.runtime.directive.Macro
2017-06-08 22:09:37,109 - Loaded System Directive: org.apache.velocity.runtime.directive.Parse
2017-06-08 22:09:37,114 - Loaded System Directive: org.apache.velocity.runtime.directive.Include
2017-06-08 22:09:37,118 - Loaded System Directive: org.apache.velocity.runtime.directive.Foreach
2017-06-08 22:09:37,195 - Created: 20 parsers.
2017-06-08 22:09:37,233 - Velocimacro : initialization starting.
2017-06-08 22:09:37,233 - Velocimacro : adding VMs from VM library template : VM_global_library.vm
2017-06-08 22:09:37,243 - ResourceManager : unable to find resource 'VM_global_library.vm' in any resource loader.
2017-06-08 22:09:37,243 - Velocimacro : error using  VM library template VM_global_library.vm : org.apache.velocity.exception.ResourceNotFoundException: Unable to find resource 'VM_global_library.vm'
2017-06-08 22:09:37,243 - Velocimacro :  VM library template macro registration complete.
2017-06-08 22:09:37,244 - Velocimacro : allowInline = true : VMs can be defined inline in templates
2017-06-08 22:09:37,244 - Velocimacro : allowInlineToOverride = false : VMs defined inline may NOT replace previous VM definitions
2017-06-08 22:09:37,244 - Velocimacro : allowInlineLocal = false : VMs defined inline will be  global in scope if allowed.
2017-06-08 22:09:37,244 - Velocimacro : messages on  : VM system will output logging messages
2017-06-08 22:09:37,244 - Velocimacro : autoload off  : VM system will not automatically reload global library macros
2017-06-08 22:09:37,244 - Velocimacro : initialization complete.
2017-06-08 22:09:37,244 - Velocity successfully started.
2017-06-08 22:10:18,586 - SimpleLog4JLogSystem initialized using logfile 'velocity.log'
2017-06-08 22:10:18,587 - ************************************************************** 
2017-06-08 22:10:18,587 - Starting Jakarta Velocity v1.4
2017-06-08 22:10:18,587 - RuntimeInstance initializing.
2017-06-08 22:10:18,587 - Default Properties File: org/apache/velocity/runtime/defaults/velocity.properties
2017-06-08 22:10:18,587 - Trying to use logger class org.apache.velocity.runtime.log.SimpleLog4JLogSystem
2017-06-08 22:10:18,587 - Using logger class org.apache.velocity.runtime.log.SimpleLog4JLogSystem
2017-06-08 22:10:18,603 - Default ResourceManager initializing. (class org.apache.velocity.runtime.resource.ResourceManagerImpl)
2017-06-08 22:10:18,636 - Resource Loader Instantiated: org.apache.velocity.runtime.resource.loader.ClasspathResourceLoader
2017-06-08 22:10:18,637 - ClasspathResourceLoader : initialization starting.
2017-06-08 22:10:18,637 - ClasspathResourceLoader : initialization complete.
2017-06-08 22:10:18,646 - ResourceCache : initialized. (class org.apache.velocity.runtime.resource.ResourceCacheImpl)
2017-06-08 22:10:18,646 - Default ResourceManager initialization complete.
2017-06-08 22:10:18,655 - Loaded System Directive: org.apache.velocity.runtime.directive.Literal
2017-06-08 22:10:18,665 - Loaded System Directive: org.apache.velocity.runtime.directive.Macro
2017-06-08 22:10:18,683 - Loaded System Directive: org.apache.velocity.runtime.directive.Parse
2017-06-08 22:10:18,694 - Loaded System Directive: org.apache.velocity.runtime.directive.Include
2017-06-08 22:10:18,698 - Loaded System Directive: org.apache.velocity.runtime.directive.Foreach
2017-06-08 22:10:18,874 - Created: 20 parsers.
2017-06-08 22:10:18,984 - Velocimacro : initialization starting.
2017-06-08 22:10:18,985 - Velocimacro : adding VMs from VM library template : VM_global_library.vm
2017-06-08 22:10:19,028 - ResourceManager : unable to find resource 'VM_global_library.vm' in any resource loader.
2017-06-08 22:10:19,028 - Velocimacro : error using  VM library template VM_global_library.vm : org.apache.velocity.exception.ResourceNotFoundException: Unable to find resource 'VM_global_library.vm'
2017-06-08 22:10:19,028 - Velocimacro :  VM library template macro registration complete.
2017-06-08 22:10:19,028 - Velocimacro : allowInline = true : VMs can be defined inline in templates
2017-06-08 22:10:19,028 - Velocimacro : allowInlineToOverride = false : VMs defined inline may NOT replace previous VM definitions
2017-06-08 22:10:19,028 - Velocimacro : allowInlineLocal = false : VMs defined inline will be  global in scope if allowed.
2017-06-08 22:10:19,028 - Velocimacro : messages on  : VM system will output logging messages
2017-06-08 22:10:19,028 - Velocimacro : autoload off  : VM system will not automatically reload global library macros
2017-06-08 22:10:19,028 - Velocimacro : initialization complete.
2017-06-08 22:10:19,028 - Velocity successfully started.
2017-06-08 22:10:21,962 - SimpleLog4JLogSystem initialized using logfile 'velocity.log'
2017-06-08 22:10:21,971 - ************************************************************** 
2017-06-08 22:10:21,971 - Starting Jakarta Velocity v1.4
2017-06-08 22:10:21,971 - RuntimeInstance initializing.
2017-06-08 22:10:21,971 - Default Properties File: org/apache/velocity/runtime/defaults/velocity.properties
2017-06-08 22:10:21,971 - Trying to use logger class org.apache.velocity.runtime.log.SimpleLog4JLogSystem
2017-06-08 22:10:21,971 - Using logger class org.apache.velocity.runtime.log.SimpleLog4JLogSystem
2017-06-08 22:10:21,985 - Default ResourceManager initializing. (class org.apache.velocity.runtime.resource.ResourceManagerImpl)
2017-06-08 22:10:21,999 - Resource Loader Instantiated: org.apache.velocity.runtime.resource.loader.ClasspathResourceLoader
2017-06-08 22:10:22,000 - ClasspathResourceLoader : initialization starting.
2017-06-08 22:10:22,000 - ClasspathResourceLoader : initialization complete.
2017-06-08 22:10:22,009 - ResourceCache : initialized. (class org.apache.velocity.runtime.resource.ResourceCacheImpl)
2017-06-08 22:10:22,009 - Default ResourceManager initialization complete.
2017-06-08 22:10:22,017 - Loaded System Directive: org.apache.velocity.runtime.directive.Literal
2017-06-08 22:10:22,027 - Loaded System Directive: org.apache.velocity.runtime.directive.Macro
2017-06-08 22:10:22,041 - Loaded System Directive: org.apache.velocity.runtime.directive.Parse
2017-06-08 22:10:22,051 - Loaded System Directive: org.apache.velocity.runtime.directive.Include
2017-06-08 22:10:22,056 - Loaded System Directive: org.apache.velocity.runtime.directive.Foreach
2017-06-08 22:10:22,145 - Created: 20 parsers.
2017-06-08 22:10:22,193 - Velocimacro : initialization starting.
2017-06-08 22:10:22,193 - Velocimacro : adding VMs from VM library template : VM_global_library.vm
2017-06-08 22:10:22,207 - ResourceManager : unable to find resource 'VM_global_library.vm' in any resource loader.
2017-06-08 22:10:22,207 - Velocimacro : error using  VM library template VM_global_library.vm : org.apache.velocity.exception.ResourceNotFoundException: Unable to find resource 'VM_global_library.vm'
2017-06-08 22:10:22,207 - Velocimacro :  VM library template macro registration complete.
2017-06-08 22:10:22,207 - Velocimacro : allowInline = true : VMs can be defined inline in templates
2017-06-08 22:10:22,207 - Velocimacro : allowInlineToOverride = false : VMs defined inline may NOT replace previous VM definitions
2017-06-08 22:10:22,207 - Velocimacro : allowInlineLocal = false : VMs defined inline will be  global in scope if allowed.
2017-06-08 22:10:22,207 - Velocimacro : messages on  : VM system will output logging messages
2017-06-08 22:10:22,207 - Velocimacro : autoload off  : VM system will not automatically reload global library macros
2017-06-08 22:10:22,207 - Velocimacro : initialization complete.
2017-06-08 22:10:22,208 - Velocity successfully started.
2017-06-08 22:11:06,763 - SimpleLog4JLogSystem initialized using logfile 'velocity.log'
2017-06-08 22:11:06,763 - ************************************************************** 
2017-06-08 22:11:06,763 - Starting Jakarta Velocity v1.4
2017-06-08 22:11:06,763 - RuntimeInstance initializing.
2017-06-08 22:11:06,763 - Default Properties File: org/apache/velocity/runtime/defaults/velocity.properties
2017-06-08 22:11:06,763 - Trying to use logger class org.apache.velocity.runtime.log.SimpleLog4JLogSystem
2017-06-08 22:11:06,763 - Using logger class org.apache.velocity.runtime.log.SimpleLog4JLogSystem
2017-06-08 22:11:06,796 - Default ResourceManager initializing. (class org.apache.velocity.runtime.resource.ResourceManagerImpl)
2017-06-08 22:11:06,813 - Resource Loader Instantiated: org.apache.velocity.runtime.resource.loader.ClasspathResourceLoader
2017-06-08 22:11:06,813 - ClasspathResourceLoader : initialization starting.
2017-06-08 22:11:06,813 - ClasspathResourceLoader : initialization complete.
2017-06-08 22:11:06,828 - ResourceCache : initialized. (class org.apache.velocity.runtime.resource.ResourceCacheImpl)
2017-06-08 22:11:06,828 - Default ResourceManager initialization complete.
2017-06-08 22:11:06,840 - Loaded System Directive: org.apache.velocity.runtime.directive.Literal
2017-06-08 22:11:06,859 - Loaded System Directive: org.apache.velocity.runtime.directive.Macro
2017-06-08 22:11:06,889 - Loaded System Directive: org.apache.velocity.runtime.directive.Parse
2017-06-08 22:11:06,899 - Loaded System Directive: org.apache.velocity.runtime.directive.Include
2017-06-08 22:11:06,914 - Loaded System Directive: org.apache.velocity.runtime.directive.Foreach
2017-06-08 22:11:07,009 - Created: 20 parsers.
2017-06-08 22:11:07,029 - Velocimacro : initialization starting.
2017-06-08 22:11:07,029 - Velocimacro : adding VMs from VM library template : VM_global_library.vm
2017-06-08 22:11:07,036 - ResourceManager : unable to find resource 'VM_global_library.vm' in any resource loader.
2017-06-08 22:11:07,036 - Velocimacro : error using  VM library template VM_global_library.vm : org.apache.velocity.exception.ResourceNotFoundException: Unable to find resource 'VM_global_library.vm'
2017-06-08 22:11:07,036 - Velocimacro :  VM library template macro registration complete.
2017-06-08 22:11:07,036 - Velocimacro : allowInline = true : VMs can be defined inline in templates
2017-06-08 22:11:07,036 - Velocimacro : allowInlineToOverride = false : VMs defined inline may NOT replace previous VM definitions
2017-06-08 22:11:07,036 - Velocimacro : allowInlineLocal = false : VMs defined inline will be  global in scope if allowed.
2017-06-08 22:11:07,036 - Velocimacro : messages on  : VM system will output logging messages
2017-06-08 22:11:07,036 - Velocimacro : autoload off  : VM system will not automatically reload global library macros
2017-06-08 22:11:07,036 - Velocimacro : initialization complete.
2017-06-08 22:11:07,036 - Velocity successfully started.
2017-06-08 22:11:44,909 - SimpleLog4JLogSystem initialized using logfile 'velocity.log'
2017-06-08 22:11:44,909 - ************************************************************** 
2017-06-08 22:11:44,909 - Starting Jakarta Velocity v1.4
2017-06-08 22:11:44,909 - RuntimeInstance initializing.
2017-06-08 22:11:44,909 - Default Properties File: org/apache/velocity/runtime/defaults/velocity.properties
2017-06-08 22:11:44,909 - Trying to use logger class org.apache.velocity.runtime.log.SimpleLog4JLogSystem
2017-06-08 22:11:44,909 - Using logger class org.apache.velocity.runtime.log.SimpleLog4JLogSystem
2017-06-08 22:11:44,922 - Default ResourceManager initializing. (class org.apache.velocity.runtime.resource.ResourceManagerImpl)
2017-06-08 22:11:44,932 - Resource Loader Instantiated: org.apache.velocity.runtime.resource.loader.ClasspathResourceLoader
2017-06-08 22:11:44,932 - ClasspathResourceLoader : initialization starting.
2017-06-08 22:11:44,932 - ClasspathResourceLoader : initialization complete.
2017-06-08 22:11:44,941 - ResourceCache : initialized. (class org.apache.velocity.runtime.resource.ResourceCacheImpl)
2017-06-08 22:11:44,941 - Default ResourceManager initialization complete.
2017-06-08 22:11:44,948 - Loaded System Directive: org.apache.velocity.runtime.directive.Literal
2017-06-08 22:11:44,956 - Loaded System Directive: org.apache.velocity.runtime.directive.Macro
2017-06-08 22:11:44,970 - Loaded System Directive: org.apache.velocity.runtime.directive.Parse
2017-06-08 22:11:44,979 - Loaded System Directive: org.apache.velocity.runtime.directive.Include
2017-06-08 22:11:44,984 - Loaded System Directive: org.apache.velocity.runtime.directive.Foreach
2017-06-08 22:11:45,058 - Created: 20 parsers.
2017-06-08 22:11:45,098 - Velocimacro : initialization starting.
2017-06-08 22:11:45,098 - Velocimacro : adding VMs from VM library template : VM_global_library.vm
2017-06-08 22:11:45,111 - ResourceManager : unable to find resource 'VM_global_library.vm' in any resource loader.
2017-06-08 22:11:45,111 - Velocimacro : error using  VM library template VM_global_library.vm : org.apache.velocity.exception.ResourceNotFoundException: Unable to find resource 'VM_global_library.vm'
2017-06-08 22:11:45,111 - Velocimacro :  VM library template macro registration complete.
2017-06-08 22:11:45,111 - Velocimacro : allowInline = true : VMs can be defined inline in templates
2017-06-08 22:11:45,111 - Velocimacro : allowInlineToOverride = false : VMs defined inline may NOT replace previous VM definitions
2017-06-08 22:11:45,111 - Velocimacro : allowInlineLocal = false : VMs defined inline will be  global in scope if allowed.
2017-06-08 22:11:45,112 - Velocimacro : messages on  : VM system will output logging messages
2017-06-08 22:11:45,112 - Velocimacro : autoload off  : VM system will not automatically reload global library macros
2017-06-08 22:11:45,112 - Velocimacro : initialization complete.
2017-06-08 22:11:45,112 - Velocity successfully started.
2017-06-08 22:13:01,523 - SimpleLog4JLogSystem initialized using logfile 'velocity.log'
2017-06-08 22:13:01,523 - ************************************************************** 
2017-06-08 22:13:01,523 - Starting Jakarta Velocity v1.4
2017-06-08 22:13:01,523 - RuntimeInstance initializing.
2017-06-08 22:13:01,523 - Default Properties File: org/apache/velocity/runtime/defaults/velocity.properties
2017-06-08 22:13:01,523 - Trying to use logger class org.apache.velocity.runtime.log.SimpleLog4JLogSystem
2017-06-08 22:13:01,523 - Using logger class org.apache.velocity.runtime.log.SimpleLog4JLogSystem
2017-06-08 22:13:01,537 - Default ResourceManager initializing. (class org.apache.velocity.runtime.resource.ResourceManagerImpl)
2017-06-08 22:13:01,550 - Resource Loader Instantiated: org.apache.velocity.runtime.resource.loader.ClasspathResourceLoader
2017-06-08 22:13:01,550 - ClasspathResourceLoader : initialization starting.
2017-06-08 22:13:01,550 - ClasspathResourceLoader : initialization complete.
2017-06-08 22:13:01,558 - ResourceCache : initialized. (class org.apache.velocity.runtime.resource.ResourceCacheImpl)
2017-06-08 22:13:01,558 - Default ResourceManager initialization complete.
2017-06-08 22:13:01,563 - Loaded System Directive: org.apache.velocity.runtime.directive.Literal
2017-06-08 22:13:01,570 - Loaded System Directive: org.apache.velocity.runtime.directive.Macro
2017-06-08 22:13:01,585 - Loaded System Directive: org.apache.velocity.runtime.directive.Parse
2017-06-08 22:13:01,594 - Loaded System Directive: org.apache.velocity.runtime.directive.Include
2017-06-08 22:13:01,598 - Loaded System Directive: org.apache.velocity.runtime.directive.Foreach
2017-06-08 22:13:01,667 - Created: 20 parsers.
2017-06-08 22:13:01,706 - Velocimacro : initialization starting.
2017-06-08 22:13:01,706 - Velocimacro : adding VMs from VM library template : VM_global_library.vm
2017-06-08 22:13:01,719 - ResourceManager : unable to find resource 'VM_global_library.vm' in any resource loader.
2017-06-08 22:13:01,719 - Velocimacro : error using  VM library template VM_global_library.vm : org.apache.velocity.exception.ResourceNotFoundException: Unable to find resource 'VM_global_library.vm'
2017-06-08 22:13:01,719 - Velocimacro :  VM library template macro registration complete.
2017-06-08 22:13:01,719 - Velocimacro : allowInline = true : VMs can be defined inline in templates
2017-06-08 22:13:01,719 - Velocimacro : allowInlineToOverride = false : VMs defined inline may NOT replace previous VM definitions
2017-06-08 22:13:01,719 - Velocimacro : allowInlineLocal = false : VMs defined inline will be  global in scope if allowed.
2017-06-08 22:13:01,719 - Velocimacro : messages on  : VM system will output logging messages
2017-06-08 22:13:01,719 - Velocimacro : autoload off  : VM system will not automatically reload global library macros
2017-06-08 22:13:01,719 - Velocimacro : initialization complete.
2017-06-08 22:13:01,719 - Velocity successfully started.
2017-06-08 22:15:52,034 - SimpleLog4JLogSystem initialized using logfile 'velocity.log'
2017-06-08 22:15:52,035 - ************************************************************** 
2017-06-08 22:15:52,036 - Starting Jakarta Velocity v1.4
2017-06-08 22:15:52,037 - RuntimeInstance initializing.
2017-06-08 22:15:52,044 - Default Properties File: org/apache/velocity/runtime/defaults/velocity.properties
2017-06-08 22:15:52,047 - Trying to use logger class org.apache.velocity.runtime.log.SimpleLog4JLogSystem
2017-06-08 22:15:52,049 - Using logger class org.apache.velocity.runtime.log.SimpleLog4JLogSystem
2017-06-08 22:15:52,091 - Default ResourceManager initializing. (class org.apache.velocity.runtime.resource.ResourceManagerImpl)
2017-06-08 22:15:52,108 - Resource Loader Instantiated: org.apache.velocity.runtime.resource.loader.ClasspathResourceLoader
2017-06-08 22:15:52,109 - ClasspathResourceLoader : initialization starting.
2017-06-08 22:15:52,109 - ClasspathResourceLoader : initialization complete.
2017-06-08 22:15:52,118 - ResourceCache : initialized. (class org.apache.velocity.runtime.resource.ResourceCacheImpl)
2017-06-08 22:15:52,118 - Default ResourceManager initialization complete.
2017-06-08 22:15:52,126 - Loaded System Directive: org.apache.velocity.runtime.directive.Literal
2017-06-08 22:15:52,138 - Loaded System Directive: org.apache.velocity.runtime.directive.Macro
2017-06-08 22:15:52,154 - Loaded System Directive: org.apache.velocity.runtime.directive.Parse
2017-06-08 22:15:52,164 - Loaded System Directive: org.apache.velocity.runtime.directive.Include
2017-06-08 22:15:52,168 - Loaded System Directive: org.apache.velocity.runtime.directive.Foreach
2017-06-08 22:15:52,264 - Created: 20 parsers.
2017-06-08 22:15:52,316 - Velocimacro : initialization starting.
2017-06-08 22:15:52,316 - Velocimacro : adding VMs from VM library template : VM_global_library.vm
2017-06-08 22:15:52,330 - ResourceManager : unable to find resource 'VM_global_library.vm' in any resource loader.
2017-06-08 22:15:52,330 - Velocimacro : error using  VM library template VM_global_library.vm : org.apache.velocity.exception.ResourceNotFoundException: Unable to find resource 'VM_global_library.vm'
2017-06-08 22:15:52,330 - Velocimacro :  VM library template macro registration complete.
2017-06-08 22:15:52,330 - Velocimacro : allowInline = true : VMs can be defined inline in templates
2017-06-08 22:15:52,331 - Velocimacro : allowInlineToOverride = false : VMs defined inline may NOT replace previous VM definitions
2017-06-08 22:15:52,331 - Velocimacro : allowInlineLocal = false : VMs defined inline will be  global in scope if allowed.
2017-06-08 22:15:52,331 - Velocimacro : messages on  : VM system will output logging messages
2017-06-08 22:15:52,332 - Velocimacro : autoload off  : VM system will not automatically reload global library macros
2017-06-08 22:15:52,332 - Velocimacro : initialization complete.
2017-06-08 22:15:52,332 - Velocity successfully started.
